{"node_modules\\medium-editor-insert-plugin\\dist\\js\\medium-editor-insert-plugin.js":{"path":"node_modules\\medium-editor-insert-plugin\\dist\\js\\medium-editor-insert-plugin.js","s":{"1":1,"2":1,"3":0,"4":1,"5":0,"6":0,"7":0,"8":0,"9":0,"10":0,"11":0,"12":0,"13":0,"14":0,"15":0,"16":0,"17":1,"18":0,"19":0,"20":0,"21":0,"22":0,"23":0,"24":0,"25":0,"26":0,"27":0,"28":0,"29":0,"30":0,"31":0,"32":0,"33":0,"34":0,"35":0,"36":0,"37":0,"38":0,"39":0,"40":0,"41":0,"42":0,"43":0,"44":0,"45":0,"46":0,"47":0,"48":0,"49":0,"50":0,"51":0,"52":0,"53":0,"54":0,"55":0,"56":0,"57":0,"58":0,"59":0,"60":0,"61":0,"62":0,"63":0,"64":0,"65":0,"66":0,"67":1,"68":0,"69":1,"70":0,"71":0,"72":0,"73":0,"74":0,"75":0,"76":0,"77":0,"78":0,"79":0,"80":0,"81":0,"82":0,"83":0,"84":0,"85":0,"86":0,"87":0,"88":0,"89":0,"90":0,"91":0,"92":0,"93":0,"94":0,"95":0,"96":0,"97":0,"98":0,"99":0,"100":0,"101":0,"102":0,"103":0,"104":0,"105":0,"106":0,"107":0,"108":0,"109":0,"110":0,"111":0,"112":0,"113":0,"114":0,"115":0,"116":0,"117":0,"118":0,"119":0,"120":0,"121":0,"122":0,"123":0,"124":0,"125":0,"126":0,"127":0,"128":0,"129":0,"130":0,"131":0,"132":0,"133":0,"134":0,"135":0,"136":0,"137":0,"138":0,"139":0,"140":0,"141":0,"142":0,"143":0,"144":0,"145":0,"146":0,"147":0,"148":0,"149":0,"150":0,"151":0,"152":0,"153":0,"154":0,"155":0,"156":0,"157":0,"158":0,"159":0,"160":0,"161":0,"162":0,"163":0,"164":0,"165":0,"166":0,"167":0,"168":0,"169":0,"170":0,"171":0,"172":0,"173":0,"174":0,"175":0,"176":0,"177":0,"178":0,"179":0,"180":0,"181":0,"182":0,"183":0,"184":0,"185":0,"186":0,"187":0,"188":0,"189":0,"190":0,"191":0,"192":0,"193":0,"194":0,"195":0,"196":0,"197":0,"198":0,"199":0,"200":0,"201":0,"202":0,"203":0,"204":0,"205":0,"206":0,"207":0,"208":0,"209":0,"210":0,"211":0,"212":0,"213":0,"214":0,"215":0,"216":0,"217":0,"218":0,"219":0,"220":0,"221":0,"222":0,"223":0,"224":0,"225":0,"226":0,"227":0,"228":0,"229":0,"230":0,"231":0,"232":0,"233":0,"234":0,"235":0,"236":0,"237":0,"238":0,"239":0,"240":0,"241":0,"242":0,"243":0,"244":0,"245":0,"246":0,"247":0,"248":0,"249":0,"250":0,"251":0,"252":0,"253":0,"254":0,"255":0,"256":0,"257":0,"258":0,"259":0,"260":0,"261":0,"262":0,"263":0,"264":0,"265":0,"266":0,"267":0,"268":0,"269":0,"270":0,"271":0,"272":0,"273":0,"274":0,"275":0,"276":0,"277":0,"278":0,"279":0,"280":0,"281":0,"282":0,"283":0,"284":0,"285":0,"286":0,"287":0,"288":0,"289":0,"290":0,"291":0,"292":0,"293":0,"294":0,"295":0,"296":0,"297":0,"298":1,"299":0,"300":0,"301":0,"302":0,"303":0,"304":0,"305":0,"306":0,"307":0,"308":0,"309":0,"310":0,"311":0,"312":0,"313":0,"314":0,"315":0,"316":0,"317":0,"318":0,"319":0,"320":0,"321":0,"322":0,"323":0,"324":0,"325":0,"326":0,"327":0,"328":0,"329":0,"330":0,"331":0,"332":0,"333":0,"334":0,"335":0,"336":0,"337":0,"338":0,"339":0,"340":0,"341":0,"342":0,"343":0,"344":0,"345":0,"346":0,"347":0,"348":0,"349":0,"350":0,"351":0,"352":0,"353":0,"354":0,"355":0,"356":0,"357":0,"358":0,"359":0,"360":0,"361":0,"362":0,"363":0,"364":0,"365":0,"366":0,"367":0,"368":0,"369":0,"370":0,"371":0,"372":0,"373":0,"374":0,"375":0,"376":0,"377":0,"378":0,"379":0,"380":0,"381":0,"382":0,"383":0,"384":0,"385":0,"386":0,"387":0,"388":0,"389":0,"390":0,"391":0,"392":0,"393":0,"394":0,"395":0,"396":0,"397":0,"398":0,"399":0,"400":0,"401":0,"402":0,"403":0,"404":0,"405":0,"406":0,"407":0,"408":0,"409":0,"410":0,"411":0,"412":0,"413":0,"414":0,"415":0,"416":0,"417":0,"418":0,"419":0,"420":0,"421":0,"422":0,"423":0,"424":0,"425":0,"426":0,"427":0,"428":0,"429":0,"430":0,"431":0,"432":0,"433":0,"434":0,"435":0,"436":0,"437":0,"438":0,"439":0,"440":0,"441":0,"442":0,"443":0,"444":0,"445":0,"446":0,"447":0,"448":0,"449":0,"450":0,"451":0,"452":0,"453":0,"454":0,"455":0,"456":0,"457":0,"458":0,"459":0,"460":0,"461":0,"462":0,"463":0,"464":0,"465":0,"466":0,"467":0,"468":0,"469":0,"470":0,"471":0,"472":0,"473":0,"474":0,"475":0,"476":0,"477":0,"478":0,"479":0,"480":0,"481":0,"482":0,"483":0,"484":0,"485":0,"486":0,"487":0,"488":0,"489":0,"490":0,"491":0,"492":0,"493":0,"494":0,"495":0,"496":0,"497":0,"498":0,"499":0,"500":0,"501":0,"502":0,"503":0,"504":0,"505":0,"506":0,"507":0,"508":0,"509":0,"510":0,"511":0,"512":0,"513":0,"514":0,"515":0,"516":0,"517":0,"518":0,"519":0,"520":0,"521":0,"522":0,"523":0,"524":0,"525":0,"526":0,"527":0,"528":0,"529":0,"530":0,"531":0,"532":0,"533":0,"534":0,"535":0,"536":0,"537":0,"538":0,"539":0,"540":0,"541":0,"542":0,"543":0,"544":0,"545":0,"546":0,"547":0,"548":0,"549":0,"550":0,"551":0,"552":0,"553":0,"554":0,"555":0,"556":0,"557":0,"558":0,"559":0,"560":0,"561":0,"562":0,"563":0,"564":0,"565":0,"566":0,"567":0,"568":0,"569":0,"570":0,"571":0,"572":1,"573":0,"574":0,"575":0,"576":0,"577":0,"578":0,"579":0,"580":0,"581":0,"582":0,"583":0,"584":0,"585":0,"586":0,"587":0,"588":0,"589":0,"590":0,"591":0,"592":0,"593":0,"594":0,"595":0,"596":0,"597":0,"598":0,"599":0,"600":0,"601":0,"602":0,"603":0,"604":0,"605":0,"606":0,"607":0,"608":0,"609":0,"610":0,"611":0,"612":0,"613":0,"614":0,"615":0,"616":0,"617":0,"618":0,"619":0,"620":0,"621":0,"622":0,"623":0,"624":0,"625":0,"626":0,"627":0,"628":0,"629":0,"630":0,"631":0,"632":0,"633":0,"634":0,"635":0,"636":0,"637":0,"638":0,"639":0,"640":0,"641":0,"642":0,"643":0,"644":0,"645":0,"646":0,"647":0,"648":0,"649":0,"650":0,"651":0,"652":0,"653":0,"654":0,"655":0,"656":0,"657":0,"658":0,"659":0,"660":0,"661":0,"662":0,"663":0,"664":0,"665":0,"666":0,"667":0,"668":0,"669":0,"670":0,"671":0,"672":0,"673":0,"674":0,"675":0,"676":0,"677":0,"678":0,"679":0,"680":0,"681":0,"682":0,"683":0,"684":0,"685":0,"686":0,"687":0,"688":0,"689":0,"690":0,"691":0,"692":0,"693":0,"694":0,"695":0,"696":0,"697":0,"698":0,"699":0,"700":0,"701":0,"702":0,"703":0,"704":0,"705":0,"706":0,"707":0,"708":0,"709":0,"710":0,"711":0,"712":0,"713":0,"714":0,"715":0,"716":0,"717":0,"718":0,"719":0,"720":0,"721":0,"722":0,"723":0,"724":0,"725":0,"726":0,"727":0,"728":0,"729":0,"730":0,"731":0,"732":0,"733":0,"734":0,"735":0,"736":0,"737":0,"738":0,"739":0,"740":0,"741":0,"742":0,"743":0,"744":0,"745":0,"746":0,"747":0,"748":0,"749":0,"750":0,"751":0,"752":0,"753":0,"754":0,"755":0,"756":0,"757":0,"758":0,"759":0,"760":0,"761":0,"762":0,"763":0,"764":0,"765":0,"766":0,"767":0,"768":0,"769":0,"770":0,"771":0,"772":0,"773":0,"774":0,"775":0,"776":0,"777":0,"778":0,"779":0,"780":0,"781":0,"782":0,"783":0,"784":0,"785":0,"786":0,"787":0,"788":0,"789":0,"790":0,"791":0,"792":0,"793":0,"794":0,"795":0,"796":0,"797":0,"798":0,"799":0,"800":0,"801":0,"802":0,"803":0,"804":0,"805":0,"806":0,"807":0,"808":0,"809":0,"810":0,"811":0,"812":0,"813":0,"814":0,"815":0,"816":0,"817":0,"818":0,"819":0,"820":0,"821":0,"822":0,"823":0,"824":0,"825":0,"826":0,"827":0,"828":0,"829":0,"830":0,"831":0,"832":0,"833":0,"834":0,"835":0,"836":0,"837":0,"838":0,"839":0,"840":0,"841":0,"842":0,"843":0,"844":0},"b":{"1":[0,1],"2":[1,0],"3":[0,1],"4":[1,0],"5":[0,0],"6":[0,0],"7":[0,0],"8":[0,0],"9":[0,0],"10":[0,0],"11":[0,0,0],"12":[0,0],"13":[0,0],"14":[0,0],"15":[0,0],"16":[0,0],"17":[0,0],"18":[0,0],"19":[0,0],"20":[0,0],"21":[0,0],"22":[0,0],"23":[0,0],"24":[0,0],"25":[0,0],"26":[0,0],"27":[0,0],"28":[0,0],"29":[0,0],"30":[0,0],"31":[0,0],"32":[0,0],"33":[0,0],"34":[0,0,0],"35":[0,0],"36":[0,0],"37":[0,0],"38":[0,0],"39":[0,0],"40":[0,0],"41":[0,0],"42":[0,0],"43":[0,0],"44":[0,0],"45":[0,0],"46":[0,0],"47":[0,0],"48":[0,0],"49":[0,0],"50":[0,0],"51":[0,0],"52":[0,0],"53":[0,0],"54":[0,0],"55":[0,0],"56":[0,0],"57":[0,0],"58":[0,0],"59":[0,0],"60":[0,0],"61":[0,0],"62":[0,0],"63":[0,0],"64":[0,0],"65":[0,0],"66":[0,0],"67":[0,0,0],"68":[0,0],"69":[0,0],"70":[0,0],"71":[0,0],"72":[0,0],"73":[0,0],"74":[0,0],"75":[0,0],"76":[0,0],"77":[0,0],"78":[0,0],"79":[0,0],"80":[0,0],"81":[0,0],"82":[0,0,0],"83":[0,0],"84":[0,0],"85":[0,0],"86":[0,0],"87":[0,0],"88":[0,0],"89":[0,0],"90":[0,0],"91":[0,0],"92":[0,0],"93":[0,0],"94":[0,0],"95":[0,0],"96":[0,0],"97":[0,0],"98":[0,0],"99":[0,0],"100":[0,0],"101":[0,0],"102":[0,0],"103":[0,0],"104":[0,0],"105":[0,0],"106":[0,0,0],"107":[0,0],"108":[0,0],"109":[0,0],"110":[0,0],"111":[0,0],"112":[0,0],"113":[0,0],"114":[0,0],"115":[0,0,0],"116":[0,0],"117":[0,0],"118":[0,0],"119":[0,0],"120":[0,0],"121":[0,0],"122":[0,0],"123":[0,0],"124":[0,0],"125":[0,0],"126":[0,0,0],"127":[0,0],"128":[0,0],"129":[0,0],"130":[0,0,0,0],"131":[0,0],"132":[0,0],"133":[0,0],"134":[0,0],"135":[0,0],"136":[0,0],"137":[0,0],"138":[0,0],"139":[0,0],"140":[0,0],"141":[0,0],"142":[0,0],"143":[0,0],"144":[0,0],"145":[0,0],"146":[0,0],"147":[0,0],"148":[0,0],"149":[0,0],"150":[0,0],"151":[0,0],"152":[0,0],"153":[0,0],"154":[0,0],"155":[0,0],"156":[0,0],"157":[0,0],"158":[0,0],"159":[0,0],"160":[0,0],"161":[0,0],"162":[0,0],"163":[0,0],"164":[0,0],"165":[0,0],"166":[0,0],"167":[0,0],"168":[0,0],"169":[0,0],"170":[0,0],"171":[0,0],"172":[0,0],"173":[0,0],"174":[0,0],"175":[0,0],"176":[0,0],"177":[0,0],"178":[0,0],"179":[0,0],"180":[0,0],"181":[0,0,0,0],"182":[0,0],"183":[0,0],"184":[0,0],"185":[0,0,0,0],"186":[0,0],"187":[0,0],"188":[0,0],"189":[0,0],"190":[0,0],"191":[0,0],"192":[0,0],"193":[0,0],"194":[0,0],"195":[0,0],"196":[0,0],"197":[0,0],"198":[0,0],"199":[0,0],"200":[0,0],"201":[0,0],"202":[0,0],"203":[0,0],"204":[0,0],"205":[0,0],"206":[0,0],"207":[0,0],"208":[0,0],"209":[0,0],"210":[0,0],"211":[0,0],"212":[0,0],"213":[0,0],"214":[0,0],"215":[0,0],"216":[0,0],"217":[0,0],"218":[0,0],"219":[0,0],"220":[0,0],"221":[0,0],"222":[0,0],"223":[0,0],"224":[0,0],"225":[0,0],"226":[0,0],"227":[0,0],"228":[0,0],"229":[0,0],"230":[0,0],"231":[0,0],"232":[0,0],"233":[0,0],"234":[0,0],"235":[0,0],"236":[0,0],"237":[0,0],"238":[0,0,0],"239":[0,0],"240":[0,0,0],"241":[0,0],"242":[0,0],"243":[0,0],"244":[0,0],"245":[0,0],"246":[0,0],"247":[0,0],"248":[0,0],"249":[0,0],"250":[0,0],"251":[0,0],"252":[0,0],"253":[0,0],"254":[0,0],"255":[0,0],"256":[0,0],"257":[0,0],"258":[0,0],"259":[0,0],"260":[0,0],"261":[0,0],"262":[0,0],"263":[0,0],"264":[0,0],"265":[0,0],"266":[0,0],"267":[0,0],"268":[0,0],"269":[0,0],"270":[0,0],"271":[0,0],"272":[0,0],"273":[0,0],"274":[0,0],"275":[0,0],"276":[0,0],"277":[0,0],"278":[0,0],"279":[0,0],"280":[0,0],"281":[0,0],"282":[0,0],"283":[0,0],"284":[0,0],"285":[0,0],"286":[0,0],"287":[0,0],"288":[0,0],"289":[0,0],"290":[0,0],"291":[0,0],"292":[0,0],"293":[0,0],"294":[0,0],"295":[0,0],"296":[0,0],"297":[0,0],"298":[0,0],"299":[0,0],"300":[0,0],"301":[0,0]},"f":{"1":1,"2":0,"3":0,"4":0,"5":0,"6":0,"7":0,"8":0,"9":0,"10":0,"11":0,"12":0,"13":0,"14":0,"15":0,"16":0,"17":0,"18":0,"19":0,"20":0,"21":0,"22":0,"23":0,"24":0,"25":0,"26":0,"27":0,"28":0,"29":0,"30":0,"31":0,"32":0,"33":0,"34":0,"35":0,"36":0,"37":0,"38":0,"39":0,"40":0,"41":0,"42":0,"43":0,"44":0,"45":0,"46":0,"47":0,"48":0,"49":0,"50":0,"51":0,"52":0,"53":0,"54":0,"55":0,"56":0,"57":0,"58":0,"59":0,"60":0,"61":0,"62":0,"63":0,"64":0,"65":0,"66":0,"67":0,"68":0,"69":0,"70":0,"71":0,"72":0,"73":0,"74":0,"75":0,"76":0,"77":0,"78":0,"79":0,"80":0,"81":0,"82":0,"83":0,"84":0,"85":0,"86":0,"87":0,"88":0,"89":0,"90":0,"91":0,"92":0,"93":0,"94":0,"95":0,"96":0,"97":0,"98":0,"99":0,"100":0,"101":0,"102":0,"103":0,"104":0,"105":0,"106":0,"107":0,"108":0,"109":0,"110":0,"111":0,"112":0,"113":0,"114":0,"115":0,"116":0,"117":0,"118":0,"119":0,"120":0,"121":0,"122":0,"123":0,"124":0,"125":0,"126":0,"127":0,"128":0,"129":0,"130":0,"131":0,"132":0,"133":0,"134":0,"135":0,"136":0,"137":0,"138":0,"139":0,"140":0,"141":0,"142":0,"143":0,"144":0,"145":0,"146":0,"147":0},"fnMap":{"1":{"name":"(anonymous_1)","line":10,"loc":{"start":{"line":10,"column":1},"end":{"line":10,"column":20}}},"2":{"name":"(anonymous_2)","line":14,"loc":{"start":{"line":14,"column":25},"end":{"line":14,"column":43}}},"3":{"name":"(anonymous_3)","line":35,"loc":{"start":{"line":35,"column":2},"end":{"line":35,"column":41}}},"4":{"name":"(anonymous_4)","line":40,"loc":{"start":{"line":40,"column":98},"end":{"line":40,"column":147}}},"5":{"name":"(anonymous_5)","line":48,"loc":{"start":{"line":48,"column":35},"end":{"line":48,"column":84}}},"6":{"name":"(anonymous_6)","line":56,"loc":{"start":{"line":56,"column":127},"end":{"line":56,"column":176}}},"7":{"name":"(anonymous_7)","line":64,"loc":{"start":{"line":64,"column":130},"end":{"line":64,"column":179}}},"8":{"name":"(anonymous_8)","line":68,"loc":{"start":{"line":68,"column":100},"end":{"line":68,"column":149}}},"9":{"name":"(anonymous_9)","line":74,"loc":{"start":{"line":74,"column":6},"end":{"line":74,"column":55}}},"10":{"name":"(anonymous_10)","line":78,"loc":{"start":{"line":78,"column":6},"end":{"line":78,"column":55}}},"11":{"name":"(anonymous_11)","line":86,"loc":{"start":{"line":86,"column":6},"end":{"line":86,"column":55}}},"12":{"name":"(anonymous_12)","line":92,"loc":{"start":{"line":92,"column":35},"end":{"line":92,"column":84}}},"13":{"name":"(anonymous_13)","line":100,"loc":{"start":{"line":100,"column":129},"end":{"line":100,"column":178}}},"14":{"name":"(anonymous_14)","line":108,"loc":{"start":{"line":108,"column":132},"end":{"line":108,"column":181}}},"15":{"name":"(anonymous_15)","line":112,"loc":{"start":{"line":112,"column":98},"end":{"line":112,"column":147}}},"16":{"name":"(anonymous_16)","line":114,"loc":{"start":{"line":114,"column":35},"end":{"line":114,"column":84}}},"17":{"name":"(anonymous_17)","line":124,"loc":{"start":{"line":124,"column":133},"end":{"line":124,"column":182}}},"18":{"name":"(anonymous_18)","line":128,"loc":{"start":{"line":128,"column":100},"end":{"line":128,"column":149}}},"19":{"name":"(anonymous_19)","line":132,"loc":{"start":{"line":132,"column":6},"end":{"line":132,"column":55}}},"20":{"name":"(anonymous_20)","line":140,"loc":{"start":{"line":140,"column":6},"end":{"line":140,"column":55}}},"21":{"name":"(anonymous_21)","line":146,"loc":{"start":{"line":146,"column":6},"end":{"line":146,"column":55}}},"22":{"name":"(anonymous_22)","line":150,"loc":{"start":{"line":150,"column":6},"end":{"line":150,"column":55}}},"23":{"name":"(anonymous_23)","line":158,"loc":{"start":{"line":158,"column":35},"end":{"line":158,"column":84}}},"24":{"name":"(anonymous_24)","line":166,"loc":{"start":{"line":166,"column":2},"end":{"line":166,"column":44}}},"25":{"name":"ucfirst","line":188,"loc":{"start":{"line":188,"column":4},"end":{"line":188,"column":26}}},"26":{"name":"Core","line":203,"loc":{"start":{"line":203,"column":4},"end":{"line":203,"column":31}}},"27":{"name":"(anonymous_27)","line":252,"loc":{"start":{"line":252,"column":26},"end":{"line":252,"column":38}}},"28":{"name":"(anonymous_28)","line":270,"loc":{"start":{"line":270,"column":28},"end":{"line":270,"column":40}}},"29":{"name":"(anonymous_29)","line":274,"loc":{"start":{"line":274,"column":33},"end":{"line":274,"column":46}}},"30":{"name":"(anonymous_30)","line":281,"loc":{"start":{"line":281,"column":63},"end":{"line":281,"column":76}}},"31":{"name":"(anonymous_31)","line":294,"loc":{"start":{"line":294,"column":31},"end":{"line":294,"column":43}}},"32":{"name":"(anonymous_32)","line":304,"loc":{"start":{"line":304,"column":37},"end":{"line":304,"column":49}}},"33":{"name":"(anonymous_33)","line":307,"loc":{"start":{"line":307,"column":21},"end":{"line":307,"column":36}}},"34":{"name":"(anonymous_34)","line":314,"loc":{"start":{"line":314,"column":49},"end":{"line":314,"column":61}}},"35":{"name":"(anonymous_35)","line":332,"loc":{"start":{"line":332,"column":35},"end":{"line":332,"column":47}}},"36":{"name":"(anonymous_36)","line":333,"loc":{"start":{"line":333,"column":30},"end":{"line":333,"column":49}}},"37":{"name":"(anonymous_37)","line":348,"loc":{"start":{"line":348,"column":33},"end":{"line":348,"column":45}}},"38":{"name":"(anonymous_38)","line":351,"loc":{"start":{"line":351,"column":30},"end":{"line":351,"column":49}}},"39":{"name":"(anonymous_39)","line":364,"loc":{"start":{"line":364,"column":45},"end":{"line":364,"column":69}}},"40":{"name":"(anonymous_40)","line":382,"loc":{"start":{"line":382,"column":34},"end":{"line":382,"column":46}}},"41":{"name":"(anonymous_41)","line":394,"loc":{"start":{"line":394,"column":30},"end":{"line":394,"column":42}}},"42":{"name":"(anonymous_42)","line":404,"loc":{"start":{"line":404,"column":29},"end":{"line":404,"column":41}}},"43":{"name":"(anonymous_43)","line":416,"loc":{"start":{"line":416,"column":28},"end":{"line":416,"column":40}}},"44":{"name":"(anonymous_44)","line":428,"loc":{"start":{"line":428,"column":38},"end":{"line":428,"column":51}}},"45":{"name":"(anonymous_45)","line":442,"loc":{"start":{"line":442,"column":32},"end":{"line":442,"column":44}}},"46":{"name":"(anonymous_46)","line":449,"loc":{"start":{"line":449,"column":36},"end":{"line":449,"column":62}}},"47":{"name":"(anonymous_47)","line":468,"loc":{"start":{"line":468,"column":27},"end":{"line":468,"column":39}}},"48":{"name":"(anonymous_48)","line":484,"loc":{"start":{"line":484,"column":20},"end":{"line":484,"column":32}}},"49":{"name":"(anonymous_49)","line":488,"loc":{"start":{"line":488,"column":19},"end":{"line":488,"column":31}}},"50":{"name":"(anonymous_50)","line":511,"loc":{"start":{"line":511,"column":32},"end":{"line":511,"column":44}}},"51":{"name":"(anonymous_51)","line":527,"loc":{"start":{"line":527,"column":32},"end":{"line":527,"column":44}}},"52":{"name":"(anonymous_52)","line":539,"loc":{"start":{"line":539,"column":35},"end":{"line":539,"column":48}}},"53":{"name":"(anonymous_53)","line":569,"loc":{"start":{"line":569,"column":40},"end":{"line":569,"column":57}}},"54":{"name":"(anonymous_54)","line":591,"loc":{"start":{"line":591,"column":27},"end":{"line":591,"column":39}}},"55":{"name":"(anonymous_55)","line":608,"loc":{"start":{"line":608,"column":33},"end":{"line":608,"column":56}}},"56":{"name":"(anonymous_56)","line":627,"loc":{"start":{"line":627,"column":33},"end":{"line":627,"column":48}}},"57":{"name":"(anonymous_57)","line":642,"loc":{"start":{"line":642,"column":37},"end":{"line":642,"column":60}}},"58":{"name":"(anonymous_58)","line":680,"loc":{"start":{"line":680,"column":34},"end":{"line":680,"column":46}}},"59":{"name":"(anonymous_59)","line":696,"loc":{"start":{"line":696,"column":32},"end":{"line":696,"column":44}}},"60":{"name":"(anonymous_60)","line":708,"loc":{"start":{"line":708,"column":33},"end":{"line":708,"column":46}}},"61":{"name":"(anonymous_61)","line":725,"loc":{"start":{"line":725,"column":31},"end":{"line":725,"column":56}}},"62":{"name":"(anonymous_62)","line":752,"loc":{"start":{"line":752,"column":32},"end":{"line":752,"column":60}}},"63":{"name":"(anonymous_63)","line":769,"loc":{"start":{"line":769,"column":36},"end":{"line":769,"column":55}}},"64":{"name":"(anonymous_64)","line":776,"loc":{"start":{"line":776,"column":23},"end":{"line":776,"column":35}}},"65":{"name":"(anonymous_65)","line":790,"loc":{"start":{"line":790,"column":46},"end":{"line":790,"column":61}}},"66":{"name":"(anonymous_66)","line":802,"loc":{"start":{"line":802,"column":23},"end":{"line":802,"column":42}}},"67":{"name":"(anonymous_67)","line":803,"loc":{"start":{"line":803,"column":25},"end":{"line":803,"column":37}}},"68":{"name":"(anonymous_68)","line":825,"loc":{"start":{"line":825,"column":3},"end":{"line":825,"column":45}}},"69":{"name":"(anonymous_69)","line":859,"loc":{"start":{"line":859,"column":29},"end":{"line":859,"column":41}}},"70":{"name":"Embeds","line":881,"loc":{"start":{"line":881,"column":4},"end":{"line":881,"column":33}}},"71":{"name":"(anonymous_71)","line":907,"loc":{"start":{"line":907,"column":28},"end":{"line":907,"column":40}}},"72":{"name":"(anonymous_72)","line":911,"loc":{"start":{"line":911,"column":21},"end":{"line":911,"column":33}}},"73":{"name":"(anonymous_73)","line":927,"loc":{"start":{"line":927,"column":30},"end":{"line":927,"column":42}}},"74":{"name":"(anonymous_74)","line":955,"loc":{"start":{"line":955,"column":46},"end":{"line":955,"column":58}}},"75":{"name":"(anonymous_75)","line":962,"loc":{"start":{"line":962,"column":52},"end":{"line":962,"column":64}}},"76":{"name":"(anonymous_76)","line":978,"loc":{"start":{"line":978,"column":39},"end":{"line":978,"column":51}}},"77":{"name":"(anonymous_77)","line":981,"loc":{"start":{"line":981,"column":21},"end":{"line":981,"column":36}}},"78":{"name":"(anonymous_78)","line":999,"loc":{"start":{"line":999,"column":27},"end":{"line":999,"column":39}}},"79":{"name":"(anonymous_79)","line":1029,"loc":{"start":{"line":1029,"column":41},"end":{"line":1029,"column":54}}},"80":{"name":"(anonymous_80)","line":1073,"loc":{"start":{"line":1073,"column":50},"end":{"line":1073,"column":63}}},"81":{"name":"(anonymous_81)","line":1084,"loc":{"start":{"line":1084,"column":35},"end":{"line":1084,"column":48}}},"82":{"name":"(anonymous_82)","line":1119,"loc":{"start":{"line":1119,"column":37},"end":{"line":1119,"column":50}}},"83":{"name":"(anonymous_83)","line":1143,"loc":{"start":{"line":1143,"column":30},"end":{"line":1143,"column":53}}},"84":{"name":"(anonymous_84)","line":1156,"loc":{"start":{"line":1156,"column":21},"end":{"line":1156,"column":37}}},"85":{"name":"(anonymous_85)","line":1179,"loc":{"start":{"line":1179,"column":19},"end":{"line":1179,"column":61}}},"86":{"name":"(anonymous_86)","line":1180,"loc":{"start":{"line":1180,"column":36},"end":{"line":1180,"column":48}}},"87":{"name":"(anonymous_87)","line":1205,"loc":{"start":{"line":1205,"column":32},"end":{"line":1205,"column":55}}},"88":{"name":"(anonymous_88)","line":1244,"loc":{"start":{"line":1244,"column":29},"end":{"line":1244,"column":56}}},"89":{"name":"(anonymous_89)","line":1266,"loc":{"start":{"line":1266,"column":24},"end":{"line":1266,"column":36}}},"90":{"name":"(anonymous_90)","line":1286,"loc":{"start":{"line":1286,"column":31},"end":{"line":1286,"column":43}}},"91":{"name":"(anonymous_91)","line":1302,"loc":{"start":{"line":1302,"column":39},"end":{"line":1302,"column":58}}},"92":{"name":"(anonymous_92)","line":1330,"loc":{"start":{"line":1330,"column":35},"end":{"line":1330,"column":48}}},"93":{"name":"(anonymous_93)","line":1338,"loc":{"start":{"line":1338,"column":23},"end":{"line":1338,"column":35}}},"94":{"name":"(anonymous_94)","line":1355,"loc":{"start":{"line":1355,"column":37},"end":{"line":1355,"column":50}}},"95":{"name":"(anonymous_95)","line":1388,"loc":{"start":{"line":1388,"column":35},"end":{"line":1388,"column":48}}},"96":{"name":"(anonymous_96)","line":1418,"loc":{"start":{"line":1418,"column":34},"end":{"line":1418,"column":46}}},"97":{"name":"(anonymous_97)","line":1438,"loc":{"start":{"line":1438,"column":37},"end":{"line":1438,"column":49}}},"98":{"name":"(anonymous_98)","line":1454,"loc":{"start":{"line":1454,"column":46},"end":{"line":1454,"column":58}}},"99":{"name":"(anonymous_99)","line":1455,"loc":{"start":{"line":1455,"column":19},"end":{"line":1455,"column":31}}},"100":{"name":"(anonymous_100)","line":1461,"loc":{"start":{"line":1461,"column":42},"end":{"line":1461,"column":54}}},"101":{"name":"(anonymous_101)","line":1512,"loc":{"start":{"line":1512,"column":37},"end":{"line":1512,"column":50}}},"102":{"name":"(anonymous_102)","line":1523,"loc":{"start":{"line":1523,"column":33},"end":{"line":1523,"column":45}}},"103":{"name":"(anonymous_103)","line":1551,"loc":{"start":{"line":1551,"column":38},"end":{"line":1551,"column":51}}},"104":{"name":"(anonymous_104)","line":1564,"loc":{"start":{"line":1564,"column":35},"end":{"line":1564,"column":54}}},"105":{"name":"(anonymous_105)","line":1565,"loc":{"start":{"line":1565,"column":25},"end":{"line":1565,"column":37}}},"106":{"name":"(anonymous_106)","line":1576,"loc":{"start":{"line":1576,"column":3},"end":{"line":1576,"column":51}}},"107":{"name":"(anonymous_107)","line":1621,"loc":{"start":{"line":1621,"column":29},"end":{"line":1621,"column":41}}},"108":{"name":"(anonymous_108)","line":1629,"loc":{"start":{"line":1629,"column":21},"end":{"line":1629,"column":33}}},"109":{"name":"(anonymous_109)","line":1640,"loc":{"start":{"line":1640,"column":31},"end":{"line":1640,"column":43}}},"110":{"name":"Images","line":1663,"loc":{"start":{"line":1663,"column":4},"end":{"line":1663,"column":33}}},"111":{"name":"(anonymous_111)","line":1695,"loc":{"start":{"line":1695,"column":28},"end":{"line":1695,"column":40}}},"112":{"name":"(anonymous_112)","line":1712,"loc":{"start":{"line":1712,"column":30},"end":{"line":1712,"column":42}}},"113":{"name":"(anonymous_113)","line":1732,"loc":{"start":{"line":1732,"column":46},"end":{"line":1732,"column":58}}},"114":{"name":"(anonymous_114)","line":1748,"loc":{"start":{"line":1748,"column":39},"end":{"line":1748,"column":51}}},"115":{"name":"(anonymous_115)","line":1751,"loc":{"start":{"line":1751,"column":21},"end":{"line":1751,"column":36}}},"116":{"name":"(anonymous_116)","line":1769,"loc":{"start":{"line":1769,"column":27},"end":{"line":1769,"column":39}}},"117":{"name":"(anonymous_117)","line":1774,"loc":{"start":{"line":1774,"column":21},"end":{"line":1774,"column":40}}},"118":{"name":"(anonymous_118)","line":1777,"loc":{"start":{"line":1777,"column":22},"end":{"line":1777,"column":41}}},"119":{"name":"(anonymous_119)","line":1787,"loc":{"start":{"line":1787,"column":41},"end":{"line":1787,"column":60}}},"120":{"name":"(anonymous_120)","line":1791,"loc":{"start":{"line":1791,"column":44},"end":{"line":1791,"column":63}}},"121":{"name":"(anonymous_121)","line":1810,"loc":{"start":{"line":1810,"column":33},"end":{"line":1810,"column":52}}},"122":{"name":"(anonymous_122)","line":1850,"loc":{"start":{"line":1850,"column":32},"end":{"line":1850,"column":44}}},"123":{"name":"(anonymous_123)","line":1855,"loc":{"start":{"line":1855,"column":36},"end":{"line":1855,"column":49}}},"124":{"name":"(anonymous_124)","line":1876,"loc":{"start":{"line":1876,"column":41},"end":{"line":1876,"column":60}}},"125":{"name":"(anonymous_125)","line":1902,"loc":{"start":{"line":1902,"column":38},"end":{"line":1902,"column":57}}},"126":{"name":"(anonymous_126)","line":1926,"loc":{"start":{"line":1926,"column":34},"end":{"line":1926,"column":53}}},"127":{"name":"(anonymous_127)","line":1940,"loc":{"start":{"line":1940,"column":33},"end":{"line":1940,"column":54}}},"128":{"name":"(anonymous_128)","line":1953,"loc":{"start":{"line":1953,"column":30},"end":{"line":1953,"column":42}}},"129":{"name":"(anonymous_129)","line":1972,"loc":{"start":{"line":1972,"column":44},"end":{"line":1972,"column":70}}},"130":{"name":"(anonymous_130)","line":2001,"loc":{"start":{"line":2001,"column":35},"end":{"line":2001,"column":47}}},"131":{"name":"(anonymous_131)","line":2012,"loc":{"start":{"line":2012,"column":35},"end":{"line":2012,"column":48}}},"132":{"name":"(anonymous_132)","line":2027,"loc":{"start":{"line":2027,"column":23},"end":{"line":2027,"column":35}}},"133":{"name":"(anonymous_133)","line":2044,"loc":{"start":{"line":2044,"column":37},"end":{"line":2044,"column":50}}},"134":{"name":"(anonymous_134)","line":2073,"loc":{"start":{"line":2073,"column":35},"end":{"line":2073,"column":48}}},"135":{"name":"(anonymous_135)","line":2106,"loc":{"start":{"line":2106,"column":95},"end":{"line":2106,"column":107}}},"136":{"name":"(anonymous_136)","line":2149,"loc":{"start":{"line":2149,"column":34},"end":{"line":2149,"column":50}}},"137":{"name":"(anonymous_137)","line":2165,"loc":{"start":{"line":2165,"column":34},"end":{"line":2165,"column":46}}},"138":{"name":"(anonymous_138)","line":2181,"loc":{"start":{"line":2181,"column":37},"end":{"line":2181,"column":49}}},"139":{"name":"(anonymous_139)","line":2198,"loc":{"start":{"line":2198,"column":46},"end":{"line":2198,"column":58}}},"140":{"name":"(anonymous_140)","line":2199,"loc":{"start":{"line":2199,"column":19},"end":{"line":2199,"column":31}}},"141":{"name":"(anonymous_141)","line":2205,"loc":{"start":{"line":2205,"column":42},"end":{"line":2205,"column":54}}},"142":{"name":"(anonymous_142)","line":2260,"loc":{"start":{"line":2260,"column":37},"end":{"line":2260,"column":50}}},"143":{"name":"(anonymous_143)","line":2277,"loc":{"start":{"line":2277,"column":33},"end":{"line":2277,"column":45}}},"144":{"name":"(anonymous_144)","line":2307,"loc":{"start":{"line":2307,"column":38},"end":{"line":2307,"column":51}}},"145":{"name":"(anonymous_145)","line":2332,"loc":{"start":{"line":2332,"column":31},"end":{"line":2332,"column":43}}},"146":{"name":"(anonymous_146)","line":2338,"loc":{"start":{"line":2338,"column":35},"end":{"line":2338,"column":54}}},"147":{"name":"(anonymous_147)","line":2339,"loc":{"start":{"line":2339,"column":25},"end":{"line":2339,"column":37}}}},"statementMap":{"1":{"start":{"line":10,"column":0},"end":{"line":2348,"column":4}},"2":{"start":{"line":11,"column":4},"end":{"line":34,"column":5}},"3":{"start":{"line":12,"column":8},"end":{"line":12,"column":117}},"4":{"start":{"line":13,"column":11},"end":{"line":34,"column":5}},"5":{"start":{"line":14,"column":8},"end":{"line":31,"column":10}},"6":{"start":{"line":15,"column":12},"end":{"line":17,"column":13}},"7":{"start":{"line":16,"column":16},"end":{"line":16,"column":86}},"8":{"start":{"line":19,"column":12},"end":{"line":21,"column":13}},"9":{"start":{"line":20,"column":16},"end":{"line":20,"column":43}},"10":{"start":{"line":22,"column":12},"end":{"line":22,"column":35}},"11":{"start":{"line":24,"column":12},"end":{"line":24,"column":55}},"12":{"start":{"line":25,"column":12},"end":{"line":25,"column":52}},"13":{"start":{"line":26,"column":12},"end":{"line":26,"column":39}},"14":{"start":{"line":27,"column":12},"end":{"line":27,"column":43}},"15":{"start":{"line":29,"column":12},"end":{"line":29,"column":54}},"16":{"start":{"line":30,"column":12},"end":{"line":30,"column":26}},"17":{"start":{"line":33,"column":8},"end":{"line":33,"column":50}},"18":{"start":{"line":37,"column":0},"end":{"line":37,"column":50}},"19":{"start":{"line":38,"column":0},"end":{"line":38,"column":76}},"20":{"start":{"line":40,"column":0},"end":{"line":54,"column":19}},"21":{"start":{"line":41,"column":4},"end":{"line":41,"column":109}},"22":{"start":{"line":43,"column":2},"end":{"line":47,"column":25}},"23":{"start":{"line":49,"column":4},"end":{"line":49,"column":15}},"24":{"start":{"line":51,"column":2},"end":{"line":53,"column":28}},"25":{"start":{"line":56,"column":0},"end":{"line":62,"column":19}},"26":{"start":{"line":57,"column":4},"end":{"line":57,"column":15}},"27":{"start":{"line":59,"column":2},"end":{"line":61,"column":25}},"28":{"start":{"line":64,"column":0},"end":{"line":66,"column":19}},"29":{"start":{"line":65,"column":4},"end":{"line":65,"column":27}},"30":{"start":{"line":68,"column":0},"end":{"line":98,"column":19}},"31":{"start":{"line":69,"column":4},"end":{"line":69,"column":15}},"32":{"start":{"line":71,"column":2},"end":{"line":73,"column":36}},"33":{"start":{"line":75,"column":4},"end":{"line":75,"column":15}},"34":{"start":{"line":77,"column":2},"end":{"line":77,"column":230}},"35":{"start":{"line":79,"column":4},"end":{"line":79,"column":109}},"36":{"start":{"line":81,"column":2},"end":{"line":85,"column":47}},"37":{"start":{"line":87,"column":4},"end":{"line":87,"column":15}},"38":{"start":{"line":89,"column":2},"end":{"line":91,"column":36}},"39":{"start":{"line":93,"column":4},"end":{"line":93,"column":52}},"40":{"start":{"line":95,"column":2},"end":{"line":97,"column":207}},"41":{"start":{"line":100,"column":0},"end":{"line":106,"column":19}},"42":{"start":{"line":101,"column":4},"end":{"line":101,"column":23}},"43":{"start":{"line":103,"column":2},"end":{"line":105,"column":92}},"44":{"start":{"line":108,"column":0},"end":{"line":110,"column":19}},"45":{"start":{"line":109,"column":4},"end":{"line":109,"column":44}},"46":{"start":{"line":112,"column":0},"end":{"line":122,"column":19}},"47":{"start":{"line":113,"column":4},"end":{"line":113,"column":75}},"48":{"start":{"line":115,"column":4},"end":{"line":115,"column":60}},"49":{"start":{"line":117,"column":2},"end":{"line":121,"column":20}},"50":{"start":{"line":124,"column":0},"end":{"line":126,"column":19}},"51":{"start":{"line":125,"column":4},"end":{"line":125,"column":70}},"52":{"start":{"line":128,"column":0},"end":{"line":165,"column":19}},"53":{"start":{"line":129,"column":4},"end":{"line":129,"column":15}},"54":{"start":{"line":131,"column":2},"end":{"line":131,"column":230}},"55":{"start":{"line":133,"column":4},"end":{"line":133,"column":109}},"56":{"start":{"line":135,"column":2},"end":{"line":139,"column":43}},"57":{"start":{"line":141,"column":4},"end":{"line":141,"column":15}},"58":{"start":{"line":143,"column":2},"end":{"line":145,"column":33}},"59":{"start":{"line":147,"column":4},"end":{"line":147,"column":15}},"60":{"start":{"line":149,"column":2},"end":{"line":149,"column":230}},"61":{"start":{"line":151,"column":4},"end":{"line":151,"column":109}},"62":{"start":{"line":153,"column":2},"end":{"line":157,"column":44}},"63":{"start":{"line":159,"column":4},"end":{"line":159,"column":52}},"64":{"start":{"line":161,"column":2},"end":{"line":164,"column":207}},"65":{"start":{"line":166,"column":1},"end":{"line":823,"column":29}},"66":{"start":{"line":171,"column":4},"end":{"line":179,"column":10}},"67":{"start":{"line":188,"column":4},"end":{"line":190,"column":5}},"68":{"start":{"line":189,"column":8},"end":{"line":189,"column":58}},"69":{"start":{"line":203,"column":4},"end":{"line":244,"column":5}},"70":{"start":{"line":204,"column":8},"end":{"line":204,"column":19}},"71":{"start":{"line":206,"column":8},"end":{"line":206,"column":21}},"72":{"start":{"line":207,"column":8},"end":{"line":207,"column":25}},"73":{"start":{"line":208,"column":8},"end":{"line":208,"column":55}},"74":{"start":{"line":210,"column":8},"end":{"line":216,"column":9}},"75":{"start":{"line":214,"column":12},"end":{"line":214,"column":36}},"76":{"start":{"line":215,"column":12},"end":{"line":215,"column":34}},"77":{"start":{"line":217,"column":8},"end":{"line":217,"column":61}},"78":{"start":{"line":218,"column":8},"end":{"line":218,"column":37}},"79":{"start":{"line":220,"column":8},"end":{"line":220,"column":34}},"80":{"start":{"line":221,"column":8},"end":{"line":221,"column":32}},"81":{"start":{"line":224,"column":8},"end":{"line":243,"column":9}},"82":{"start":{"line":225,"column":12},"end":{"line":227,"column":13}},"83":{"start":{"line":226,"column":16},"end":{"line":226,"column":79}},"84":{"start":{"line":228,"column":12},"end":{"line":230,"column":13}},"85":{"start":{"line":229,"column":16},"end":{"line":229,"column":75}},"86":{"start":{"line":231,"column":12},"end":{"line":233,"column":13}},"87":{"start":{"line":232,"column":16},"end":{"line":232,"column":71}},"88":{"start":{"line":234,"column":12},"end":{"line":234,"column":70}},"89":{"start":{"line":236,"column":12},"end":{"line":236,"column":65}},"90":{"start":{"line":237,"column":12},"end":{"line":237,"column":61}},"91":{"start":{"line":238,"column":12},"end":{"line":238,"column":57}},"92":{"start":{"line":240,"column":12},"end":{"line":242,"column":13}},"93":{"start":{"line":241,"column":16},"end":{"line":241,"column":119}},"94":{"start":{"line":252,"column":4},"end":{"line":262,"column":6}},"95":{"start":{"line":253,"column":8},"end":{"line":253,"column":57}},"96":{"start":{"line":255,"column":8},"end":{"line":257,"column":9}},"97":{"start":{"line":256,"column":12},"end":{"line":256,"column":27}},"98":{"start":{"line":259,"column":8},"end":{"line":259,"column":26}},"99":{"start":{"line":260,"column":8},"end":{"line":260,"column":21}},"100":{"start":{"line":261,"column":8},"end":{"line":261,"column":22}},"101":{"start":{"line":270,"column":4},"end":{"line":286,"column":6}},"102":{"start":{"line":271,"column":8},"end":{"line":271,"column":24}},"103":{"start":{"line":273,"column":8},"end":{"line":283,"column":15}},"104":{"start":{"line":275,"column":16},"end":{"line":275,"column":35}},"105":{"start":{"line":282,"column":16},"end":{"line":282,"column":71}},"106":{"start":{"line":285,"column":8},"end":{"line":285,"column":71}},"107":{"start":{"line":294,"column":4},"end":{"line":296,"column":6}},"108":{"start":{"line":295,"column":8},"end":{"line":295,"column":35}},"109":{"start":{"line":304,"column":4},"end":{"line":324,"column":6}},"110":{"start":{"line":305,"column":8},"end":{"line":305,"column":37}},"111":{"start":{"line":307,"column":8},"end":{"line":321,"column":11}},"112":{"start":{"line":308,"column":12},"end":{"line":308,"column":59}},"113":{"start":{"line":310,"column":12},"end":{"line":310,"column":58}},"114":{"start":{"line":311,"column":12},"end":{"line":311,"column":84}},"115":{"start":{"line":314,"column":12},"end":{"line":318,"column":15}},"116":{"start":{"line":315,"column":16},"end":{"line":316,"column":83}},"117":{"start":{"line":317,"column":16},"end":{"line":317,"column":33}},"118":{"start":{"line":320,"column":12},"end":{"line":320,"column":43}},"119":{"start":{"line":323,"column":8},"end":{"line":323,"column":20}},"120":{"start":{"line":332,"column":4},"end":{"line":340,"column":6}},"121":{"start":{"line":333,"column":8},"end":{"line":337,"column":11}},"122":{"start":{"line":334,"column":12},"end":{"line":336,"column":13}},"123":{"start":{"line":335,"column":16},"end":{"line":335,"column":61}},"124":{"start":{"line":339,"column":8},"end":{"line":339,"column":24}},"125":{"start":{"line":348,"column":4},"end":{"line":356,"column":6}},"126":{"start":{"line":349,"column":8},"end":{"line":349,"column":22}},"127":{"start":{"line":351,"column":8},"end":{"line":355,"column":11}},"128":{"start":{"line":352,"column":12},"end":{"line":354,"column":13}},"129":{"start":{"line":353,"column":16},"end":{"line":353,"column":60}},"130":{"start":{"line":364,"column":4},"end":{"line":374,"column":6}},"131":{"start":{"line":365,"column":8},"end":{"line":366,"column":54}},"132":{"start":{"line":368,"column":8},"end":{"line":373,"column":9}},"133":{"start":{"line":369,"column":12},"end":{"line":369,"column":37}},"134":{"start":{"line":370,"column":12},"end":{"line":370,"column":48}},"135":{"start":{"line":372,"column":12},"end":{"line":372,"column":37}},"136":{"start":{"line":382,"column":4},"end":{"line":386,"column":6}},"137":{"start":{"line":383,"column":8},"end":{"line":385,"column":9}},"138":{"start":{"line":384,"column":12},"end":{"line":384,"column":69}},"139":{"start":{"line":394,"column":4},"end":{"line":396,"column":6}},"140":{"start":{"line":395,"column":8},"end":{"line":395,"column":50}},"141":{"start":{"line":404,"column":4},"end":{"line":408,"column":6}},"142":{"start":{"line":405,"column":8},"end":{"line":405,"column":37}},"143":{"start":{"line":407,"column":8},"end":{"line":407,"column":65}},"144":{"start":{"line":416,"column":4},"end":{"line":420,"column":6}},"145":{"start":{"line":417,"column":8},"end":{"line":417,"column":36}},"146":{"start":{"line":419,"column":8},"end":{"line":419,"column":68}},"147":{"start":{"line":428,"column":4},"end":{"line":434,"column":6}},"148":{"start":{"line":429,"column":8},"end":{"line":429,"column":30}},"149":{"start":{"line":431,"column":8},"end":{"line":433,"column":9}},"150":{"start":{"line":432,"column":12},"end":{"line":432,"column":31}},"151":{"start":{"line":442,"column":4},"end":{"line":460,"column":6}},"152":{"start":{"line":443,"column":8},"end":{"line":443,"column":24}},"153":{"start":{"line":445,"column":8},"end":{"line":447,"column":9}},"154":{"start":{"line":446,"column":12},"end":{"line":446,"column":19}},"155":{"start":{"line":449,"column":8},"end":{"line":459,"column":11}},"156":{"start":{"line":450,"column":12},"end":{"line":450,"column":56}},"157":{"start":{"line":452,"column":12},"end":{"line":455,"column":13}},"158":{"start":{"line":453,"column":16},"end":{"line":453,"column":50}},"159":{"start":{"line":454,"column":16},"end":{"line":454,"column":23}},"160":{"start":{"line":457,"column":12},"end":{"line":457,"column":41}},"161":{"start":{"line":458,"column":12},"end":{"line":458,"column":86}},"162":{"start":{"line":468,"column":4},"end":{"line":503,"column":6}},"163":{"start":{"line":469,"column":8},"end":{"line":470,"column":37}},"164":{"start":{"line":472,"column":8},"end":{"line":474,"column":9}},"165":{"start":{"line":473,"column":12},"end":{"line":473,"column":19}},"166":{"start":{"line":476,"column":8},"end":{"line":478,"column":9}},"167":{"start":{"line":477,"column":12},"end":{"line":477,"column":91}},"168":{"start":{"line":482,"column":8},"end":{"line":486,"column":15}},"169":{"start":{"line":485,"column":16},"end":{"line":485,"column":124}},"170":{"start":{"line":488,"column":8},"end":{"line":494,"column":11}},"171":{"start":{"line":489,"column":12},"end":{"line":489,"column":34}},"172":{"start":{"line":493,"column":12},"end":{"line":493,"column":68}},"173":{"start":{"line":496,"column":8},"end":{"line":496,"column":26}},"174":{"start":{"line":498,"column":8},"end":{"line":498,"column":59}},"175":{"start":{"line":499,"column":8},"end":{"line":499,"column":34}},"176":{"start":{"line":500,"column":8},"end":{"line":502,"column":9}},"177":{"start":{"line":501,"column":12},"end":{"line":501,"column":93}},"178":{"start":{"line":511,"column":4},"end":{"line":519,"column":6}},"179":{"start":{"line":512,"column":8},"end":{"line":514,"column":9}},"180":{"start":{"line":513,"column":12},"end":{"line":513,"column":19}},"181":{"start":{"line":516,"column":8},"end":{"line":518,"column":18}},"182":{"start":{"line":527,"column":4},"end":{"line":531,"column":6}},"183":{"start":{"line":528,"column":8},"end":{"line":530,"column":9}},"184":{"start":{"line":529,"column":12},"end":{"line":529,"column":47}},"185":{"start":{"line":539,"column":4},"end":{"line":599,"column":6}},"186":{"start":{"line":540,"column":8},"end":{"line":543,"column":45}},"187":{"start":{"line":545,"column":8},"end":{"line":547,"column":9}},"188":{"start":{"line":546,"column":12},"end":{"line":546,"column":19}},"189":{"start":{"line":549,"column":8},"end":{"line":554,"column":9}},"190":{"start":{"line":550,"column":12},"end":{"line":550,"column":27}},"191":{"start":{"line":552,"column":12},"end":{"line":552,"column":44}},"192":{"start":{"line":553,"column":12},"end":{"line":553,"column":56}},"193":{"start":{"line":557,"column":8},"end":{"line":559,"column":9}},"194":{"start":{"line":558,"column":12},"end":{"line":558,"column":48}},"195":{"start":{"line":561,"column":8},"end":{"line":561,"column":65}},"196":{"start":{"line":563,"column":8},"end":{"line":563,"column":21}},"197":{"start":{"line":565,"column":8},"end":{"line":598,"column":9}},"198":{"start":{"line":567,"column":12},"end":{"line":567,"column":87}},"199":{"start":{"line":569,"column":12},"end":{"line":579,"column":15}},"200":{"start":{"line":570,"column":16},"end":{"line":572,"column":17}},"201":{"start":{"line":571,"column":20},"end":{"line":571,"column":35}},"202":{"start":{"line":574,"column":16},"end":{"line":578,"column":17}},"203":{"start":{"line":575,"column":20},"end":{"line":575,"column":69}},"204":{"start":{"line":576,"column":20},"end":{"line":576,"column":40}},"205":{"start":{"line":577,"column":20},"end":{"line":577,"column":27}},"206":{"start":{"line":581,"column":12},"end":{"line":597,"column":13}},"207":{"start":{"line":582,"column":16},"end":{"line":582,"column":52}},"208":{"start":{"line":584,"column":16},"end":{"line":588,"column":17}},"209":{"start":{"line":585,"column":20},"end":{"line":585,"column":99}},"210":{"start":{"line":587,"column":20},"end":{"line":587,"column":92}},"211":{"start":{"line":591,"column":16},"end":{"line":594,"column":42}},"212":{"start":{"line":592,"column":20},"end":{"line":592,"column":54}},"213":{"start":{"line":593,"column":20},"end":{"line":593,"column":50}},"214":{"start":{"line":596,"column":16},"end":{"line":596,"column":35}},"215":{"start":{"line":608,"column":4},"end":{"line":618,"column":6}},"216":{"start":{"line":609,"column":8},"end":{"line":609,"column":63}},"217":{"start":{"line":611,"column":8},"end":{"line":611,"column":24}},"218":{"start":{"line":612,"column":8},"end":{"line":612,"column":35}},"219":{"start":{"line":614,"column":8},"end":{"line":617,"column":9}},"220":{"start":{"line":615,"column":12},"end":{"line":615,"column":39}},"221":{"start":{"line":616,"column":12},"end":{"line":616,"column":86}},"222":{"start":{"line":627,"column":4},"end":{"line":633,"column":6}},"223":{"start":{"line":628,"column":8},"end":{"line":628,"column":30}},"224":{"start":{"line":630,"column":8},"end":{"line":630,"column":50}},"225":{"start":{"line":631,"column":8},"end":{"line":631,"column":57}},"226":{"start":{"line":632,"column":8},"end":{"line":632,"column":92}},"227":{"start":{"line":642,"column":4},"end":{"line":672,"column":6}},"228":{"start":{"line":643,"column":8},"end":{"line":648,"column":26}},"229":{"start":{"line":650,"column":8},"end":{"line":671,"column":9}},"230":{"start":{"line":651,"column":12},"end":{"line":651,"column":47}},"231":{"start":{"line":652,"column":12},"end":{"line":652,"column":45}},"232":{"start":{"line":654,"column":12},"end":{"line":660,"column":13}},"233":{"start":{"line":655,"column":16},"end":{"line":655,"column":104}},"234":{"start":{"line":656,"column":16},"end":{"line":656,"column":150}},"235":{"start":{"line":658,"column":16},"end":{"line":658,"column":202}},"236":{"start":{"line":659,"column":16},"end":{"line":659,"column":67}},"237":{"start":{"line":662,"column":12},"end":{"line":664,"column":13}},"238":{"start":{"line":663,"column":16},"end":{"line":663,"column":60}},"239":{"start":{"line":666,"column":12},"end":{"line":668,"column":13}},"240":{"start":{"line":667,"column":16},"end":{"line":667,"column":51}},"241":{"start":{"line":670,"column":12},"end":{"line":670,"column":35}},"242":{"start":{"line":680,"column":4},"end":{"line":688,"column":6}},"243":{"start":{"line":681,"column":8},"end":{"line":684,"column":9}},"244":{"start":{"line":682,"column":12},"end":{"line":682,"column":96}},"245":{"start":{"line":683,"column":12},"end":{"line":683,"column":19}},"246":{"start":{"line":686,"column":8},"end":{"line":686,"column":68}},"247":{"start":{"line":687,"column":8},"end":{"line":687,"column":97}},"248":{"start":{"line":696,"column":4},"end":{"line":699,"column":6}},"249":{"start":{"line":697,"column":8},"end":{"line":697,"column":62}},"250":{"start":{"line":698,"column":8},"end":{"line":698,"column":97}},"251":{"start":{"line":708,"column":4},"end":{"line":714,"column":6}},"252":{"start":{"line":709,"column":8},"end":{"line":711,"column":39}},"253":{"start":{"line":713,"column":8},"end":{"line":713,"column":73}},"254":{"start":{"line":725,"column":4},"end":{"line":742,"column":6}},"255":{"start":{"line":726,"column":8},"end":{"line":726,"column":35}},"256":{"start":{"line":728,"column":8},"end":{"line":728,"column":33}},"257":{"start":{"line":729,"column":8},"end":{"line":729,"column":39}},"258":{"start":{"line":730,"column":8},"end":{"line":730,"column":36}},"259":{"start":{"line":731,"column":8},"end":{"line":731,"column":24}},"260":{"start":{"line":733,"column":8},"end":{"line":736,"column":9}},"261":{"start":{"line":734,"column":12},"end":{"line":734,"column":50}},"262":{"start":{"line":735,"column":12},"end":{"line":735,"column":35}},"263":{"start":{"line":738,"column":8},"end":{"line":738,"column":51}},"264":{"start":{"line":739,"column":8},"end":{"line":739,"column":29}},"265":{"start":{"line":740,"column":8},"end":{"line":740,"column":30}},"266":{"start":{"line":741,"column":8},"end":{"line":741,"column":28}},"267":{"start":{"line":752,"column":4},"end":{"line":760,"column":6}},"268":{"start":{"line":753,"column":8},"end":{"line":753,"column":46}},"269":{"start":{"line":755,"column":8},"end":{"line":759,"column":9}},"270":{"start":{"line":756,"column":12},"end":{"line":758,"column":16}},"271":{"start":{"line":769,"column":4},"end":{"line":781,"column":6}},"272":{"start":{"line":770,"column":8},"end":{"line":770,"column":52}},"273":{"start":{"line":772,"column":8},"end":{"line":774,"column":9}},"274":{"start":{"line":773,"column":12},"end":{"line":773,"column":47}},"275":{"start":{"line":776,"column":8},"end":{"line":780,"column":11}},"276":{"start":{"line":777,"column":12},"end":{"line":779,"column":13}},"277":{"start":{"line":778,"column":16},"end":{"line":778,"column":33}},"278":{"start":{"line":790,"column":4},"end":{"line":798,"column":6}},"279":{"start":{"line":791,"column":8},"end":{"line":791,"column":75}},"280":{"start":{"line":793,"column":8},"end":{"line":797,"column":9}},"281":{"start":{"line":794,"column":12},"end":{"line":796,"column":48}},"282":{"start":{"line":802,"column":4},"end":{"line":821,"column":6}},"283":{"start":{"line":803,"column":8},"end":{"line":820,"column":11}},"284":{"start":{"line":804,"column":12},"end":{"line":805,"column":27}},"285":{"start":{"line":807,"column":12},"end":{"line":810,"column":13}},"286":{"start":{"line":808,"column":16},"end":{"line":808,"column":71}},"287":{"start":{"line":809,"column":16},"end":{"line":809,"column":99}},"288":{"start":{"line":812,"column":12},"end":{"line":819,"column":13}},"289":{"start":{"line":814,"column":16},"end":{"line":814,"column":78}},"290":{"start":{"line":815,"column":16},"end":{"line":815,"column":60}},"291":{"start":{"line":816,"column":19},"end":{"line":819,"column":13}},"292":{"start":{"line":818,"column":16},"end":{"line":818,"column":64}},"293":{"start":{"line":825,"column":2},"end":{"line":1572,"column":29}},"294":{"start":{"line":830,"column":4},"end":{"line":868,"column":10}},"295":{"start":{"line":860,"column":24},"end":{"line":860,"column":56}},"296":{"start":{"line":862,"column":24},"end":{"line":862,"column":41}},"297":{"start":{"line":863,"column":24},"end":{"line":863,"column":52}},"298":{"start":{"line":881,"column":4},"end":{"line":899,"column":5}},"299":{"start":{"line":882,"column":8},"end":{"line":882,"column":21}},"300":{"start":{"line":883,"column":8},"end":{"line":883,"column":25}},"301":{"start":{"line":884,"column":8},"end":{"line":884,"column":55}},"302":{"start":{"line":885,"column":8},"end":{"line":885,"column":58}},"303":{"start":{"line":887,"column":8},"end":{"line":887,"column":61}},"304":{"start":{"line":889,"column":8},"end":{"line":889,"column":34}},"305":{"start":{"line":890,"column":8},"end":{"line":890,"column":32}},"306":{"start":{"line":893,"column":8},"end":{"line":896,"column":9}},"307":{"start":{"line":894,"column":12},"end":{"line":894,"column":88}},"308":{"start":{"line":895,"column":12},"end":{"line":895,"column":67}},"309":{"start":{"line":898,"column":8},"end":{"line":898,"column":20}},"310":{"start":{"line":907,"column":4},"end":{"line":919,"column":6}},"311":{"start":{"line":908,"column":8},"end":{"line":908,"column":61}},"312":{"start":{"line":910,"column":8},"end":{"line":910,"column":47}},"313":{"start":{"line":911,"column":8},"end":{"line":915,"column":11}},"314":{"start":{"line":912,"column":12},"end":{"line":914,"column":13}},"315":{"start":{"line":913,"column":16},"end":{"line":913,"column":86}},"316":{"start":{"line":917,"column":8},"end":{"line":917,"column":22}},"317":{"start":{"line":918,"column":8},"end":{"line":918,"column":38}},"318":{"start":{"line":927,"column":4},"end":{"line":947,"column":6}},"319":{"start":{"line":928,"column":8},"end":{"line":932,"column":114}},"320":{"start":{"line":934,"column":8},"end":{"line":938,"column":113}},"321":{"start":{"line":940,"column":8},"end":{"line":943,"column":9}},"322":{"start":{"line":941,"column":12},"end":{"line":942,"column":61}},"323":{"start":{"line":945,"column":8},"end":{"line":946,"column":67}},"324":{"start":{"line":955,"column":4},"end":{"line":970,"column":6}},"325":{"start":{"line":956,"column":8},"end":{"line":956,"column":24}},"326":{"start":{"line":958,"column":8},"end":{"line":960,"column":46}},"327":{"start":{"line":962,"column":8},"end":{"line":969,"column":11}},"328":{"start":{"line":963,"column":12},"end":{"line":968,"column":13}},"329":{"start":{"line":964,"column":16},"end":{"line":966,"column":20}},"330":{"start":{"line":967,"column":16},"end":{"line":967,"column":33}},"331":{"start":{"line":978,"column":4},"end":{"line":991,"column":6}},"332":{"start":{"line":979,"column":8},"end":{"line":979,"column":46}},"333":{"start":{"line":981,"column":8},"end":{"line":988,"column":11}},"334":{"start":{"line":982,"column":12},"end":{"line":982,"column":59}},"335":{"start":{"line":984,"column":12},"end":{"line":984,"column":78}},"336":{"start":{"line":985,"column":12},"end":{"line":985,"column":65}},"337":{"start":{"line":987,"column":12},"end":{"line":987,"column":43}},"338":{"start":{"line":990,"column":8},"end":{"line":990,"column":20}},"339":{"start":{"line":999,"column":4},"end":{"line":1020,"column":6}},"340":{"start":{"line":1000,"column":8},"end":{"line":1000,"column":60}},"341":{"start":{"line":1004,"column":8},"end":{"line":1004,"column":85}},"342":{"start":{"line":1008,"column":8},"end":{"line":1012,"column":9}},"343":{"start":{"line":1009,"column":12},"end":{"line":1009,"column":96}},"344":{"start":{"line":1010,"column":12},"end":{"line":1010,"column":60}},"345":{"start":{"line":1011,"column":12},"end":{"line":1011,"column":40}},"346":{"start":{"line":1014,"column":8},"end":{"line":1014,"column":103}},"347":{"start":{"line":1016,"column":8},"end":{"line":1016,"column":58}},"348":{"start":{"line":1018,"column":8},"end":{"line":1018,"column":23}},"349":{"start":{"line":1019,"column":8},"end":{"line":1019,"column":32}},"350":{"start":{"line":1029,"column":4},"end":{"line":1064,"column":6}},"351":{"start":{"line":1030,"column":8},"end":{"line":1032,"column":34}},"352":{"start":{"line":1034,"column":8},"end":{"line":1036,"column":9}},"353":{"start":{"line":1035,"column":12},"end":{"line":1035,"column":19}},"354":{"start":{"line":1038,"column":8},"end":{"line":1038,"column":40}},"355":{"start":{"line":1039,"column":8},"end":{"line":1039,"column":52}},"356":{"start":{"line":1041,"column":8},"end":{"line":1045,"column":9}},"357":{"start":{"line":1042,"column":12},"end":{"line":1042,"column":30}},"358":{"start":{"line":1043,"column":15},"end":{"line":1045,"column":9}},"359":{"start":{"line":1044,"column":12},"end":{"line":1044,"column":70}},"360":{"start":{"line":1047,"column":8},"end":{"line":1063,"column":9}},"361":{"start":{"line":1049,"column":12},"end":{"line":1049,"column":40}},"362":{"start":{"line":1051,"column":12},"end":{"line":1059,"column":13}},"363":{"start":{"line":1052,"column":16},"end":{"line":1054,"column":72}},"364":{"start":{"line":1055,"column":19},"end":{"line":1059,"column":13}},"365":{"start":{"line":1056,"column":16},"end":{"line":1058,"column":52}},"366":{"start":{"line":1062,"column":12},"end":{"line":1062,"column":67}},"367":{"start":{"line":1073,"column":4},"end":{"line":1075,"column":6}},"368":{"start":{"line":1074,"column":8},"end":{"line":1074,"column":41}},"369":{"start":{"line":1084,"column":4},"end":{"line":1110,"column":6}},"370":{"start":{"line":1085,"column":8},"end":{"line":1086,"column":16}},"371":{"start":{"line":1088,"column":8},"end":{"line":1090,"column":9}},"372":{"start":{"line":1089,"column":12},"end":{"line":1089,"column":19}},"373":{"start":{"line":1092,"column":8},"end":{"line":1092,"column":35}},"374":{"start":{"line":1095,"column":8},"end":{"line":1098,"column":9}},"375":{"start":{"line":1096,"column":12},"end":{"line":1096,"column":28}},"376":{"start":{"line":1097,"column":12},"end":{"line":1097,"column":19}},"377":{"start":{"line":1100,"column":8},"end":{"line":1109,"column":9}},"378":{"start":{"line":1101,"column":12},"end":{"line":1101,"column":31}},"379":{"start":{"line":1102,"column":12},"end":{"line":1102,"column":32}},"380":{"start":{"line":1104,"column":12},"end":{"line":1108,"column":13}},"381":{"start":{"line":1105,"column":16},"end":{"line":1105,"column":33}},"382":{"start":{"line":1107,"column":16},"end":{"line":1107,"column":35}},"383":{"start":{"line":1119,"column":4},"end":{"line":1134,"column":6}},"384":{"start":{"line":1120,"column":8},"end":{"line":1120,"column":33}},"385":{"start":{"line":1121,"column":8},"end":{"line":1123,"column":9}},"386":{"start":{"line":1122,"column":12},"end":{"line":1122,"column":19}},"387":{"start":{"line":1125,"column":8},"end":{"line":1125,"column":66}},"388":{"start":{"line":1126,"column":8},"end":{"line":1126,"column":56}},"389":{"start":{"line":1127,"column":8},"end":{"line":1133,"column":9}},"390":{"start":{"line":1128,"column":12},"end":{"line":1132,"column":13}},"391":{"start":{"line":1129,"column":16},"end":{"line":1129,"column":45}},"392":{"start":{"line":1131,"column":16},"end":{"line":1131,"column":47}},"393":{"start":{"line":1143,"column":4},"end":{"line":1195,"column":6}},"394":{"start":{"line":1144,"column":8},"end":{"line":1144,"column":24}},"395":{"start":{"line":1146,"column":8},"end":{"line":1146,"column":30}},"396":{"start":{"line":1148,"column":8},"end":{"line":1194,"column":11}},"397":{"start":{"line":1157,"column":16},"end":{"line":1157,"column":45}},"398":{"start":{"line":1159,"column":16},"end":{"line":1161,"column":17}},"399":{"start":{"line":1160,"column":20},"end":{"line":1160,"column":138}},"400":{"start":{"line":1163,"column":16},"end":{"line":1165,"column":17}},"401":{"start":{"line":1164,"column":20},"end":{"line":1164,"column":65}},"402":{"start":{"line":1167,"column":16},"end":{"line":1171,"column":17}},"403":{"start":{"line":1169,"column":20},"end":{"line":1169,"column":60}},"404":{"start":{"line":1170,"column":20},"end":{"line":1170,"column":27}},"405":{"start":{"line":1173,"column":16},"end":{"line":1177,"column":17}},"406":{"start":{"line":1174,"column":20},"end":{"line":1174,"column":56}},"407":{"start":{"line":1176,"column":20},"end":{"line":1176,"column":51}},"408":{"start":{"line":1180,"column":16},"end":{"line":1184,"column":21}},"409":{"start":{"line":1181,"column":20},"end":{"line":1183,"column":35}},"410":{"start":{"line":1182,"column":24},"end":{"line":1182,"column":62}},"411":{"start":{"line":1186,"column":16},"end":{"line":1190,"column":17}},"412":{"start":{"line":1187,"column":20},"end":{"line":1187,"column":116}},"413":{"start":{"line":1189,"column":20},"end":{"line":1189,"column":168}},"414":{"start":{"line":1192,"column":16},"end":{"line":1192,"column":56}},"415":{"start":{"line":1205,"column":4},"end":{"line":1234,"column":6}},"416":{"start":{"line":1206,"column":8},"end":{"line":1206,"column":17}},"417":{"start":{"line":1208,"column":8},"end":{"line":1211,"column":9}},"418":{"start":{"line":1209,"column":12},"end":{"line":1209,"column":52}},"419":{"start":{"line":1210,"column":12},"end":{"line":1210,"column":25}},"420":{"start":{"line":1213,"column":8},"end":{"line":1218,"column":231}},"421":{"start":{"line":1220,"column":8},"end":{"line":1222,"column":9}},"422":{"start":{"line":1221,"column":12},"end":{"line":1221,"column":128}},"423":{"start":{"line":1224,"column":8},"end":{"line":1227,"column":9}},"424":{"start":{"line":1225,"column":12},"end":{"line":1225,"column":52}},"425":{"start":{"line":1226,"column":12},"end":{"line":1226,"column":25}},"426":{"start":{"line":1229,"column":8},"end":{"line":1233,"column":9}},"427":{"start":{"line":1230,"column":12},"end":{"line":1230,"column":34}},"428":{"start":{"line":1232,"column":12},"end":{"line":1232,"column":29}},"429":{"start":{"line":1244,"column":4},"end":{"line":1292,"column":6}},"430":{"start":{"line":1245,"column":8},"end":{"line":1246,"column":17}},"431":{"start":{"line":1248,"column":8},"end":{"line":1291,"column":9}},"432":{"start":{"line":1249,"column":12},"end":{"line":1249,"column":52}},"433":{"start":{"line":1250,"column":12},"end":{"line":1250,"column":25}},"434":{"start":{"line":1252,"column":12},"end":{"line":1259,"column":13}},"435":{"start":{"line":1255,"column":16},"end":{"line":1257,"column":32}},"436":{"start":{"line":1258,"column":16},"end":{"line":1258,"column":54}},"437":{"start":{"line":1261,"column":12},"end":{"line":1279,"column":13}},"438":{"start":{"line":1264,"column":16},"end":{"line":1268,"column":36}},"439":{"start":{"line":1267,"column":28},"end":{"line":1267,"column":99}},"440":{"start":{"line":1270,"column":16},"end":{"line":1272,"column":20}},"441":{"start":{"line":1273,"column":16},"end":{"line":1273,"column":66}},"442":{"start":{"line":1275,"column":16},"end":{"line":1277,"column":20}},"443":{"start":{"line":1278,"column":16},"end":{"line":1278,"column":32}},"444":{"start":{"line":1282,"column":12},"end":{"line":1282,"column":37}},"445":{"start":{"line":1284,"column":12},"end":{"line":1290,"column":13}},"446":{"start":{"line":1285,"column":16},"end":{"line":1289,"column":17}},"447":{"start":{"line":1286,"column":20},"end":{"line":1288,"column":29}},"448":{"start":{"line":1287,"column":24},"end":{"line":1287,"column":41}},"449":{"start":{"line":1302,"column":4},"end":{"line":1321,"column":6}},"450":{"start":{"line":1303,"column":8},"end":{"line":1304,"column":92}},"451":{"start":{"line":1306,"column":8},"end":{"line":1306,"column":63}},"452":{"start":{"line":1309,"column":8},"end":{"line":1309,"column":36}},"453":{"start":{"line":1310,"column":8},"end":{"line":1310,"column":32}},"454":{"start":{"line":1311,"column":8},"end":{"line":1311,"column":24}},"455":{"start":{"line":1312,"column":8},"end":{"line":1312,"column":31}},"456":{"start":{"line":1315,"column":8},"end":{"line":1315,"column":34}},"457":{"start":{"line":1316,"column":8},"end":{"line":1316,"column":31}},"458":{"start":{"line":1318,"column":8},"end":{"line":1318,"column":33}},"459":{"start":{"line":1320,"column":8},"end":{"line":1320,"column":36}},"460":{"start":{"line":1330,"column":4},"end":{"line":1346,"column":6}},"461":{"start":{"line":1331,"column":8},"end":{"line":1332,"column":19}},"462":{"start":{"line":1333,"column":8},"end":{"line":1345,"column":9}},"463":{"start":{"line":1334,"column":12},"end":{"line":1334,"column":127}},"464":{"start":{"line":1336,"column":12},"end":{"line":1336,"column":61}},"465":{"start":{"line":1338,"column":12},"end":{"line":1344,"column":19}},"466":{"start":{"line":1339,"column":16},"end":{"line":1339,"column":34}},"467":{"start":{"line":1341,"column":16},"end":{"line":1343,"column":17}},"468":{"start":{"line":1342,"column":20},"end":{"line":1342,"column":97}},"469":{"start":{"line":1355,"column":4},"end":{"line":1379,"column":6}},"470":{"start":{"line":1356,"column":8},"end":{"line":1357,"column":69}},"471":{"start":{"line":1359,"column":8},"end":{"line":1369,"column":9}},"472":{"start":{"line":1360,"column":12},"end":{"line":1360,"column":73}},"473":{"start":{"line":1361,"column":12},"end":{"line":1361,"column":88}},"474":{"start":{"line":1362,"column":12},"end":{"line":1362,"column":61}},"475":{"start":{"line":1364,"column":12},"end":{"line":1367,"column":13}},"476":{"start":{"line":1365,"column":16},"end":{"line":1365,"column":65}},"477":{"start":{"line":1366,"column":16},"end":{"line":1366,"column":71}},"478":{"start":{"line":1368,"column":12},"end":{"line":1368,"column":19}},"479":{"start":{"line":1371,"column":8},"end":{"line":1371,"column":60}},"480":{"start":{"line":1372,"column":8},"end":{"line":1372,"column":84}},"481":{"start":{"line":1374,"column":8},"end":{"line":1378,"column":9}},"482":{"start":{"line":1375,"column":12},"end":{"line":1375,"column":67}},"483":{"start":{"line":1376,"column":15},"end":{"line":1378,"column":9}},"484":{"start":{"line":1377,"column":12},"end":{"line":1377,"column":39}},"485":{"start":{"line":1388,"column":4},"end":{"line":1410,"column":6}},"486":{"start":{"line":1389,"column":8},"end":{"line":1389,"column":27}},"487":{"start":{"line":1391,"column":8},"end":{"line":1409,"column":9}},"488":{"start":{"line":1392,"column":12},"end":{"line":1392,"column":69}},"489":{"start":{"line":1394,"column":12},"end":{"line":1408,"column":13}},"490":{"start":{"line":1395,"column":16},"end":{"line":1395,"column":35}},"491":{"start":{"line":1397,"column":16},"end":{"line":1397,"column":92}},"492":{"start":{"line":1399,"column":16},"end":{"line":1399,"column":92}},"493":{"start":{"line":1400,"column":16},"end":{"line":1400,"column":38}},"494":{"start":{"line":1401,"column":16},"end":{"line":1401,"column":32}},"495":{"start":{"line":1404,"column":16},"end":{"line":1404,"column":39}},"496":{"start":{"line":1406,"column":16},"end":{"line":1406,"column":44}},"497":{"start":{"line":1407,"column":16},"end":{"line":1407,"column":41}},"498":{"start":{"line":1418,"column":4},"end":{"line":1452,"column":6}},"499":{"start":{"line":1419,"column":8},"end":{"line":1421,"column":64}},"500":{"start":{"line":1423,"column":8},"end":{"line":1425,"column":9}},"501":{"start":{"line":1424,"column":12},"end":{"line":1424,"column":19}},"502":{"start":{"line":1427,"column":8},"end":{"line":1427,"column":45}},"503":{"start":{"line":1428,"column":8},"end":{"line":1428,"column":76}},"504":{"start":{"line":1430,"column":8},"end":{"line":1433,"column":19}},"505":{"start":{"line":1435,"column":8},"end":{"line":1435,"column":54}},"506":{"start":{"line":1436,"column":8},"end":{"line":1436,"column":56}},"507":{"start":{"line":1438,"column":8},"end":{"line":1443,"column":11}},"508":{"start":{"line":1439,"column":12},"end":{"line":1442,"column":13}},"509":{"start":{"line":1440,"column":16},"end":{"line":1440,"column":64}},"510":{"start":{"line":1441,"column":16},"end":{"line":1441,"column":30}},"511":{"start":{"line":1445,"column":8},"end":{"line":1447,"column":9}},"512":{"start":{"line":1446,"column":12},"end":{"line":1446,"column":84}},"513":{"start":{"line":1449,"column":8},"end":{"line":1449,"column":34}},"514":{"start":{"line":1450,"column":8},"end":{"line":1450,"column":26}},"515":{"start":{"line":1451,"column":8},"end":{"line":1451,"column":27}},"516":{"start":{"line":1454,"column":4},"end":{"line":1459,"column":6}},"517":{"start":{"line":1455,"column":8},"end":{"line":1458,"column":25}},"518":{"start":{"line":1456,"column":12},"end":{"line":1456,"column":38}},"519":{"start":{"line":1457,"column":12},"end":{"line":1457,"column":38}},"520":{"start":{"line":1461,"column":4},"end":{"line":1503,"column":6}},"521":{"start":{"line":1462,"column":8},"end":{"line":1469,"column":26}},"522":{"start":{"line":1471,"column":8},"end":{"line":1486,"column":9}},"523":{"start":{"line":1472,"column":12},"end":{"line":1472,"column":51}},"524":{"start":{"line":1473,"column":12},"end":{"line":1473,"column":90}},"525":{"start":{"line":1475,"column":12},"end":{"line":1479,"column":13}},"526":{"start":{"line":1476,"column":16},"end":{"line":1476,"column":92}},"527":{"start":{"line":1477,"column":16},"end":{"line":1477,"column":64}},"528":{"start":{"line":1478,"column":16},"end":{"line":1478,"column":62}},"529":{"start":{"line":1481,"column":12},"end":{"line":1483,"column":13}},"530":{"start":{"line":1482,"column":16},"end":{"line":1482,"column":67}},"531":{"start":{"line":1485,"column":12},"end":{"line":1485,"column":36}},"532":{"start":{"line":1488,"column":8},"end":{"line":1502,"column":9}},"533":{"start":{"line":1489,"column":12},"end":{"line":1489,"column":93}},"534":{"start":{"line":1490,"column":12},"end":{"line":1490,"column":79}},"535":{"start":{"line":1492,"column":12},"end":{"line":1495,"column":13}},"536":{"start":{"line":1493,"column":16},"end":{"line":1493,"column":92}},"537":{"start":{"line":1494,"column":16},"end":{"line":1494,"column":64}},"538":{"start":{"line":1497,"column":12},"end":{"line":1499,"column":13}},"539":{"start":{"line":1498,"column":16},"end":{"line":1498,"column":33}},"540":{"start":{"line":1501,"column":12},"end":{"line":1501,"column":35}},"541":{"start":{"line":1512,"column":4},"end":{"line":1542,"column":6}},"542":{"start":{"line":1513,"column":8},"end":{"line":1518,"column":24}},"543":{"start":{"line":1520,"column":8},"end":{"line":1520,"column":56}},"544":{"start":{"line":1521,"column":8},"end":{"line":1521,"column":103}},"545":{"start":{"line":1523,"column":8},"end":{"line":1539,"column":11}},"546":{"start":{"line":1524,"column":12},"end":{"line":1524,"column":77}},"547":{"start":{"line":1526,"column":12},"end":{"line":1538,"column":13}},"548":{"start":{"line":1527,"column":16},"end":{"line":1527,"column":43}},"549":{"start":{"line":1529,"column":16},"end":{"line":1531,"column":17}},"550":{"start":{"line":1530,"column":20},"end":{"line":1530,"column":78}},"551":{"start":{"line":1533,"column":16},"end":{"line":1533,"column":46}},"552":{"start":{"line":1535,"column":16},"end":{"line":1537,"column":17}},"553":{"start":{"line":1536,"column":20},"end":{"line":1536,"column":80}},"554":{"start":{"line":1541,"column":8},"end":{"line":1541,"column":33}},"555":{"start":{"line":1551,"column":4},"end":{"line":1560,"column":6}},"556":{"start":{"line":1552,"column":8},"end":{"line":1553,"column":76}},"557":{"start":{"line":1555,"column":8},"end":{"line":1557,"column":9}},"558":{"start":{"line":1556,"column":12},"end":{"line":1556,"column":70}},"559":{"start":{"line":1559,"column":8},"end":{"line":1559,"column":33}},"560":{"start":{"line":1564,"column":4},"end":{"line":1570,"column":6}},"561":{"start":{"line":1565,"column":8},"end":{"line":1569,"column":11}},"562":{"start":{"line":1566,"column":12},"end":{"line":1568,"column":13}},"563":{"start":{"line":1567,"column":16},"end":{"line":1567,"column":92}},"564":{"start":{"line":1576,"column":2},"end":{"line":2346,"column":48}},"565":{"start":{"line":1581,"column":4},"end":{"line":1650,"column":10}},"566":{"start":{"line":1622,"column":24},"end":{"line":1622,"column":56}},"567":{"start":{"line":1624,"column":24},"end":{"line":1624,"column":41}},"568":{"start":{"line":1625,"column":24},"end":{"line":1625,"column":52}},"569":{"start":{"line":1630,"column":16},"end":{"line":1630,"column":32}},"570":{"start":{"line":1632,"column":16},"end":{"line":1643,"column":19}},"571":{"start":{"line":1641,"column":24},"end":{"line":1641,"column":49}},"572":{"start":{"line":1663,"column":4},"end":{"line":1687,"column":5}},"573":{"start":{"line":1664,"column":8},"end":{"line":1664,"column":21}},"574":{"start":{"line":1665,"column":8},"end":{"line":1665,"column":25}},"575":{"start":{"line":1666,"column":8},"end":{"line":1666,"column":34}},"576":{"start":{"line":1667,"column":8},"end":{"line":1667,"column":55}},"577":{"start":{"line":1668,"column":8},"end":{"line":1668,"column":58}},"578":{"start":{"line":1670,"column":8},"end":{"line":1670,"column":61}},"579":{"start":{"line":1672,"column":8},"end":{"line":1672,"column":34}},"580":{"start":{"line":1673,"column":8},"end":{"line":1673,"column":32}},"581":{"start":{"line":1676,"column":8},"end":{"line":1678,"column":9}},"582":{"start":{"line":1677,"column":12},"end":{"line":1677,"column":41}},"583":{"start":{"line":1681,"column":8},"end":{"line":1684,"column":9}},"584":{"start":{"line":1682,"column":12},"end":{"line":1682,"column":88}},"585":{"start":{"line":1683,"column":12},"end":{"line":1683,"column":67}},"586":{"start":{"line":1686,"column":8},"end":{"line":1686,"column":20}},"587":{"start":{"line":1695,"column":4},"end":{"line":1704,"column":6}},"588":{"start":{"line":1696,"column":8},"end":{"line":1696,"column":61}},"589":{"start":{"line":1698,"column":8},"end":{"line":1698,"column":65}},"590":{"start":{"line":1699,"column":8},"end":{"line":1699,"column":62}},"591":{"start":{"line":1701,"column":8},"end":{"line":1701,"column":22}},"592":{"start":{"line":1702,"column":8},"end":{"line":1702,"column":38}},"593":{"start":{"line":1703,"column":8},"end":{"line":1703,"column":23}},"594":{"start":{"line":1712,"column":4},"end":{"line":1724,"column":6}},"595":{"start":{"line":1713,"column":8},"end":{"line":1717,"column":114}},"596":{"start":{"line":1719,"column":8},"end":{"line":1720,"column":84}},"597":{"start":{"line":1722,"column":8},"end":{"line":1723,"column":67}},"598":{"start":{"line":1732,"column":4},"end":{"line":1740,"column":6}},"599":{"start":{"line":1733,"column":8},"end":{"line":1735,"column":46}},"600":{"start":{"line":1737,"column":8},"end":{"line":1739,"column":51}},"601":{"start":{"line":1748,"column":4},"end":{"line":1761,"column":6}},"602":{"start":{"line":1749,"column":8},"end":{"line":1749,"column":46}},"603":{"start":{"line":1751,"column":8},"end":{"line":1758,"column":11}},"604":{"start":{"line":1752,"column":12},"end":{"line":1752,"column":59}},"605":{"start":{"line":1754,"column":12},"end":{"line":1754,"column":105}},"606":{"start":{"line":1755,"column":12},"end":{"line":1755,"column":66}},"607":{"start":{"line":1757,"column":12},"end":{"line":1757,"column":43}},"608":{"start":{"line":1760,"column":8},"end":{"line":1760,"column":20}},"609":{"start":{"line":1769,"column":4},"end":{"line":1799,"column":6}},"610":{"start":{"line":1770,"column":8},"end":{"line":1780,"column":14}},"611":{"start":{"line":1775,"column":20},"end":{"line":1775,"column":58}},"612":{"start":{"line":1778,"column":20},"end":{"line":1778,"column":59}},"613":{"start":{"line":1786,"column":8},"end":{"line":1794,"column":9}},"614":{"start":{"line":1787,"column":12},"end":{"line":1789,"column":14}},"615":{"start":{"line":1788,"column":16},"end":{"line":1788,"column":59}},"616":{"start":{"line":1791,"column":12},"end":{"line":1793,"column":14}},"617":{"start":{"line":1792,"column":16},"end":{"line":1792,"column":62}},"618":{"start":{"line":1796,"column":8},"end":{"line":1796,"column":96}},"619":{"start":{"line":1798,"column":8},"end":{"line":1798,"column":22}},"620":{"start":{"line":1810,"column":4},"end":{"line":1865,"column":6}},"621":{"start":{"line":1811,"column":8},"end":{"line":1817,"column":19}},"622":{"start":{"line":1819,"column":8},"end":{"line":1823,"column":9}},"623":{"start":{"line":1820,"column":12},"end":{"line":1820,"column":86}},"624":{"start":{"line":1821,"column":15},"end":{"line":1823,"column":9}},"625":{"start":{"line":1822,"column":12},"end":{"line":1822,"column":82}},"626":{"start":{"line":1824,"column":8},"end":{"line":1827,"column":9}},"627":{"start":{"line":1825,"column":12},"end":{"line":1825,"column":43}},"628":{"start":{"line":1826,"column":12},"end":{"line":1826,"column":19}},"629":{"start":{"line":1829,"column":8},"end":{"line":1829,"column":32}},"630":{"start":{"line":1832,"column":8},"end":{"line":1841,"column":9}},"631":{"start":{"line":1833,"column":12},"end":{"line":1833,"column":96}},"632":{"start":{"line":1834,"column":12},"end":{"line":1834,"column":60}},"633":{"start":{"line":1835,"column":12},"end":{"line":1840,"column":13}},"634":{"start":{"line":1836,"column":16},"end":{"line":1836,"column":51}},"635":{"start":{"line":1838,"column":16},"end":{"line":1838,"column":44}},"636":{"start":{"line":1839,"column":16},"end":{"line":1839,"column":51}},"637":{"start":{"line":1843,"column":8},"end":{"line":1843,"column":48}},"638":{"start":{"line":1845,"column":8},"end":{"line":1847,"column":9}},"639":{"start":{"line":1846,"column":12},"end":{"line":1846,"column":87}},"640":{"start":{"line":1849,"column":8},"end":{"line":1864,"column":9}},"641":{"start":{"line":1850,"column":12},"end":{"line":1863,"column":15}},"642":{"start":{"line":1852,"column":16},"end":{"line":1862,"column":17}},"643":{"start":{"line":1853,"column":20},"end":{"line":1853,"column":46}},"644":{"start":{"line":1855,"column":20},"end":{"line":1857,"column":22}},"645":{"start":{"line":1856,"column":24},"end":{"line":1856,"column":76}},"646":{"start":{"line":1859,"column":20},"end":{"line":1859,"column":56}},"647":{"start":{"line":1861,"column":20},"end":{"line":1861,"column":34}},"648":{"start":{"line":1876,"column":4},"end":{"line":1891,"column":6}},"649":{"start":{"line":1877,"column":8},"end":{"line":1877,"column":35}},"650":{"start":{"line":1879,"column":8},"end":{"line":1890,"column":9}},"651":{"start":{"line":1880,"column":12},"end":{"line":1880,"column":68}},"652":{"start":{"line":1881,"column":12},"end":{"line":1881,"column":83}},"653":{"start":{"line":1883,"column":12},"end":{"line":1885,"column":32}},"654":{"start":{"line":1887,"column":12},"end":{"line":1889,"column":13}},"655":{"start":{"line":1888,"column":16},"end":{"line":1888,"column":38}},"656":{"start":{"line":1902,"column":4},"end":{"line":1915,"column":6}},"657":{"start":{"line":1903,"column":8},"end":{"line":1903,"column":35}},"658":{"start":{"line":1905,"column":8},"end":{"line":1914,"column":9}},"659":{"start":{"line":1906,"column":12},"end":{"line":1906,"column":74}},"660":{"start":{"line":1907,"column":12},"end":{"line":1907,"column":79}},"661":{"start":{"line":1909,"column":12},"end":{"line":1909,"column":54}},"662":{"start":{"line":1911,"column":12},"end":{"line":1913,"column":13}},"663":{"start":{"line":1912,"column":16},"end":{"line":1912,"column":38}},"664":{"start":{"line":1926,"column":4},"end":{"line":1931,"column":6}},"665":{"start":{"line":1927,"column":8},"end":{"line":1927,"column":69}},"666":{"start":{"line":1929,"column":8},"end":{"line":1929,"column":26}},"667":{"start":{"line":1930,"column":8},"end":{"line":1930,"column":23}},"668":{"start":{"line":1940,"column":4},"end":{"line":1999,"column":6}},"669":{"start":{"line":1941,"column":8},"end":{"line":1943,"column":17}},"670":{"start":{"line":1946,"column":8},"end":{"line":1946,"column":23}},"671":{"start":{"line":1950,"column":8},"end":{"line":1950,"column":20}},"672":{"start":{"line":1951,"column":8},"end":{"line":1994,"column":9}},"673":{"start":{"line":1952,"column":12},"end":{"line":1952,"column":42}},"674":{"start":{"line":1953,"column":12},"end":{"line":1961,"column":25}},"675":{"start":{"line":1954,"column":16},"end":{"line":1954,"column":67}},"676":{"start":{"line":1956,"column":16},"end":{"line":1958,"column":17}},"677":{"start":{"line":1957,"column":20},"end":{"line":1957,"column":69}},"678":{"start":{"line":1960,"column":16},"end":{"line":1960,"column":41}},"679":{"start":{"line":1962,"column":12},"end":{"line":1962,"column":31}},"680":{"start":{"line":1964,"column":12},"end":{"line":1967,"column":33}},"681":{"start":{"line":1969,"column":12},"end":{"line":1969,"column":39}},"682":{"start":{"line":1971,"column":12},"end":{"line":1987,"column":13}},"683":{"start":{"line":1972,"column":16},"end":{"line":1980,"column":19}},"684":{"start":{"line":1973,"column":20},"end":{"line":1973,"column":68}},"685":{"start":{"line":1975,"column":20},"end":{"line":1975,"column":50}},"686":{"start":{"line":1977,"column":20},"end":{"line":1979,"column":21}},"687":{"start":{"line":1978,"column":24},"end":{"line":1978,"column":48}},"688":{"start":{"line":1982,"column":16},"end":{"line":1982,"column":61}},"689":{"start":{"line":1984,"column":16},"end":{"line":1986,"column":17}},"690":{"start":{"line":1985,"column":20},"end":{"line":1985,"column":59}},"691":{"start":{"line":1989,"column":12},"end":{"line":1993,"column":13}},"692":{"start":{"line":1990,"column":16},"end":{"line":1990,"column":30}},"693":{"start":{"line":1991,"column":19},"end":{"line":1993,"column":13}},"694":{"start":{"line":1992,"column":16},"end":{"line":1992,"column":65}},"695":{"start":{"line":1996,"column":8},"end":{"line":1996,"column":33}},"696":{"start":{"line":1998,"column":8},"end":{"line":1998,"column":28}},"697":{"start":{"line":2001,"column":4},"end":{"line":2003,"column":6}},"698":{"start":{"line":2002,"column":8},"end":{"line":2002,"column":34}},"699":{"start":{"line":2012,"column":4},"end":{"line":2035,"column":6}},"700":{"start":{"line":2013,"column":8},"end":{"line":2014,"column":19}},"701":{"start":{"line":2016,"column":8},"end":{"line":2034,"column":9}},"702":{"start":{"line":2017,"column":12},"end":{"line":2017,"column":33}},"703":{"start":{"line":2019,"column":12},"end":{"line":2019,"column":40}},"704":{"start":{"line":2022,"column":12},"end":{"line":2022,"column":28}},"705":{"start":{"line":2024,"column":12},"end":{"line":2024,"column":58}},"706":{"start":{"line":2025,"column":12},"end":{"line":2025,"column":85}},"707":{"start":{"line":2027,"column":12},"end":{"line":2033,"column":19}},"708":{"start":{"line":2028,"column":16},"end":{"line":2028,"column":34}},"709":{"start":{"line":2030,"column":16},"end":{"line":2032,"column":17}},"710":{"start":{"line":2031,"column":20},"end":{"line":2031,"column":100}},"711":{"start":{"line":2044,"column":4},"end":{"line":2064,"column":6}},"712":{"start":{"line":2045,"column":8},"end":{"line":2046,"column":66}},"713":{"start":{"line":2048,"column":8},"end":{"line":2053,"column":9}},"714":{"start":{"line":2049,"column":12},"end":{"line":2049,"column":70}},"715":{"start":{"line":2050,"column":12},"end":{"line":2050,"col
[...]
[{"start":{"line":10,"column":23326},"end":{"line":10,"column":23364}},{"start":{"line":10,"column":23366},"end":{"line":10,"column":23403}}]},"177":{"line":10,"type":"cond-expr","locations":[{"start":{"line":10,"column":23373},"end":{"line":10,"column":23388}},{"start":{"line":10,"column":23389},"end":{"line":10,"column":23402}}]},"178":{"line":10,"type":"cond-expr","locations":[{"start":{"line":10,"column":23543},"end":{"line":10,"column":24141}},{"start":{"line":10,"column":24144},"end":{"line":10,"column":24186}}]},"179":{"line":10,"type":"binary-expr","locations":[{"start":{"line":10,"column":23543},"end":{"line":10,"column":23568}},{"start":{"line":10,"column":23571},"end":{"line":10,"column":23673}}]},"180":{"line":10,"type":"cond-expr","locations":[{"start":{"line":10,"column":23678},"end":{"line":10,"column":23925}},{"start":{"line":10,"column":23928},"end":{"line":10,"column":24011}}]},"181":{"line":10,"type":"binary-expr","locations":[{"start":{"line":10,"column":23761},"end":{"line":10,"column":23778}},{"start":{"line":10,"column":23780},"end":{"line":10,"column":23810}}]},"182":{"line":10,"type":"binary-expr","locations":[{"start":{"line":10,"column":24038},"end":{"line":10,"column":24064}},{"start":{"line":10,"column":24066},"end":{"line":10,"column":24088}},{"start":{"line":10,"column":24090},"end":{"line":10,"column":24134}}]},"183":{"line":10,"type":"binary-expr","locations":[{"start":{"line":10,"column":24509},"end":{"line":10,"column":24534}},{"start":{"line":10,"column":24537},"end":{"line":10,"column":24811}}]},"184":{"line":10,"type":"cond-expr","locations":[{"start":{"line":10,"column":24584},"end":{"line":10,"column":24595}},{"start":{"line":10,"column":24596},"end":{"line":10,"column":24640}}]},"185":{"line":10,"type":"binary-expr","locations":[{"start":{"line":10,"column":24722},"end":{"line":10,"column":24740}},{"start":{"line":10,"column":24742},"end":{"line":10,"column":24806}}]},"186":{"line":10,"type":"cond-expr","locations":[{"start":{"line":10,"column":24903},"end":{"line":10,"column":24914}},{"start":{"line":10,"column":24915},"end":{"line":10,"column":24959}}]},"187":{"line":10,"type":"cond-expr","locations":[{"start":{"line":10,"column":25062},"end":{"line":10,"column":25432}},{"start":{"line":10,"column":25435},"end":{"line":10,"column":25731}}]},"188":{"line":10,"type":"binary-expr","locations":[{"start":{"line":10,"column":25245},"end":{"line":10,"column":25297}},{"start":{"line":10,"column":25299},"end":{"line":10,"column":25327}},{"start":{"line":10,"column":25331},"end":{"line":10,"column":25430}}]},"189":{"line":10,"type":"cond-expr","locations":[{"start":{"line":10,"column":25616},"end":{"line":10,"column":25668}},{"start":{"line":10,"column":25669},"end":{"line":10,"column":25730}}]},"190":{"line":10,"type":"binary-expr","locations":[{"start":{"line":10,"column":25669},"end":{"line":10,"column":25702}},{"start":{"line":10,"column":25704},"end":{"line":10,"column":25730}}]},"191":{"line":10,"type":"binary-expr","locations":[{"start":{"line":10,"column":25779},"end":{"line":10,"column":25790}},{"start":{"line":10,"column":25792},"end":{"line":10,"column":25804}},{"start":{"line":10,"column":25808},"end":{"line":10,"column":26127}}]},"192":{"line":10,"type":"binary-expr","locations":[{"start":{"line":10,"column":25858},"end":{"line":10,"column":25866}},{"start":{"line":10,"column":25869},"end":{"line":10,"column":26126}}]},"193":{"line":10,"type":"binary-expr","locations":[{"start":{"line":10,"column":26231},"end":{"line":10,"column":26243}},{"start":{"line":10,"column":26246},"end":{"line":10,"column":26786}}]},"194":{"line":10,"type":"binary-expr","locations":[{"start":{"line":10,"column":26272},"end":{"line":10,"column":26299}},{"start":{"line":10,"column":26301},"end":{"line":10,"column":26307}}]},"195":{"line":10,"type":"binary-expr","locations":[{"start":{"line":10,"column":26549},"end":{"line":10,"column":26607}},{"start":{"line":10,"column":26610},"end":{"line":10,"column":26662}}]},"196":{"line":10,"type":"binary-expr","locations":[{"start":{"line":10,"column":26666},"end":{"line":10,"column":26672}},{"start":{"line":10,"column":26674},"end":{"line":10,"column":26738}}]},"197":{"line":10,"type":"cond-expr","locations":[{"start":{"line":10,"column":27236},"end":{"line":10,"column":27261}},{"start":{"line":10,"column":27262},"end":{"line":10,"column":27266}}]},"198":{"line":10,"type":"binary-expr","locations":[{"start":{"line":10,"column":27287},"end":{"line":10,"column":27295}},{"start":{"line":10,"column":27298},"end":{"line":10,"column":27475}}]},"199":{"line":10,"type":"binary-expr","locations":[{"start":{"line":10,"column":27366},"end":{"line":10,"column":27367}},{"start":{"line":10,"column":27370},"end":{"line":10,"column":27424}}]},"200":{"line":10,"type":"binary-expr","locations":[{"start":{"line":10,"column":27426},"end":{"line":10,"column":27444}},{"start":{"line":10,"column":27447},"end":{"line":10,"column":27465}}]},"201":{"line":10,"type":"binary-expr","locations":[{"start":{"line":10,"column":27477},"end":{"line":10,"column":27485}},{"start":{"line":10,"column":27488},"end":{"line":10,"column":27645}}]},"202":{"line":10,"type":"binary-expr","locations":[{"start":{"line":10,"column":27573},"end":{"line":10,"column":27574}},{"start":{"line":10,"column":27577},"end":{"line":10,"column":27616}}]},"203":{"line":10,"type":"binary-expr","locations":[{"start":{"line":10,"column":27618},"end":{"line":10,"column":27625}},{"start":{"line":10,"column":27628},"end":{"line":10,"column":27635}}]},"204":{"line":10,"type":"cond-expr","locations":[{"start":{"line":10,"column":27717},"end":{"line":10,"column":27728}},{"start":{"line":10,"column":27729},"end":{"line":10,"column":27758}}]},"205":{"line":10,"type":"cond-expr","locations":[{"start":{"line":10,"column":28137},"end":{"line":10,"column":28248}},{"start":{"line":10,"column":28251},"end":{"line":10,"column":28369}}]},"206":{"line":10,"type":"binary-expr","locations":[{"start":{"line":10,"column":28151},"end":{"line":10,"column":28197}},{"start":{"line":10,"column":28199},"end":{"line":10,"column":28248}}]},"207":{"line":10,"type":"binary-expr","locations":[{"start":{"line":10,"column":28268},"end":{"line":10,"column":28316}},{"start":{"line":10,"column":28318},"end":{"line":10,"column":28369}}]},"208":{"line":10,"type":"cond-expr","locations":[{"start":{"line":10,"column":28469},"end":{"line":10,"column":28480}},{"start":{"line":10,"column":28481},"end":{"line":10,"column":28510}}]},"209":{"line":10,"type":"binary-expr","locations":[{"start":{"line":10,"column":28560},"end":{"line":10,"column":28561}},{"start":{"line":10,"column":28563},"end":{"line":10,"column":28613}}]},"210":{"line":10,"type":"binary-expr","locations":[{"start":{"line":10,"column":28690},"end":{"line":10,"column":28716}},{"start":{"line":10,"column":28718},"end":{"line":10,"column":28758}}]},"211":{"line":10,"type":"binary-expr","locations":[{"start":{"line":10,"column":29024},"end":{"line":10,"column":29044}},{"start":{"line":10,"column":29046},"end":{"line":10,"column":29059}},{"start":{"line":10,"column":29062},"end":{"line":10,"column":29085}}]},"212":{"line":10,"type":"binary-expr","locations":[{"start":{"line":10,"column":29087},"end":{"line":10,"column":29108}},{"start":{"line":10,"column":29111},"end":{"line":10,"column":29237}}]},"213":{"line":10,"type":"binary-expr","locations":[{"start":{"line":10,"column":31750},"end":{"line":10,"column":31777}},{"start":{"line":10,"column":31780},"end":{"line":10,"column":31905}}]},"214":{"line":11,"type":"cond-expr","locations":[{"start":{"line":11,"column":192},"end":{"line":11,"column":249}},{"start":{"line":11,"column":250},"end":{"line":11,"column":316}}]},"215":{"line":11,"type":"binary-expr","locations":[{"start":{"line":11,"column":173},"end":{"line":11,"column":174}},{"start":{"line":11,"column":176},"end":{"line":11,"column":191}}]},"216":{"line":11,"type":"binary-expr","locations":[{"start":{"line":11,"column":250},"end":{"line":11,"column":251}},{"start":{"line":11,"column":253},"end":{"line":11,"column":261}},{"start":{"line":11,"column":263},"end":{"line":11,"column":316}}]},"217":{"line":11,"type":"cond-expr","locations":[{"start":{"line":11,"column":328},"end":{"line":11,"column":352}},{"start":{"line":11,"column":354},"end":{"line":11,"column":1054}}]},"218":{"line":11,"type":"binary-expr","locations":[{"start":{"line":11,"column":378},"end":{"line":11,"column":387}},{"start":{"line":11,"column":390},"end":{"line":11,"column":602}}]},"219":{"line":11,"type":"cond-expr","locations":[{"start":{"line":11,"column":518},"end":{"line":11,"column":547}},{"start":{"line":11,"column":549},"end":{"line":11,"column":601}}]},"220":{"line":11,"type":"binary-expr","locations":[{"start":{"line":11,"column":639},"end":{"line":11,"column":664}},{"start":{"line":11,"column":666},"end":{"line":11,"column":695}},{"start":{"line":11,"column":697},"end":{"line":11,"column":724}},{"start":{"line":11,"column":726},"end":{"line":11,"column":795}}]},"221":{"line":11,"type":"binary-expr","locations":[{"start":{"line":11,"column":802},"end":{"line":11,"column":814}},{"start":{"line":11,"column":816},"end":{"line":11,"column":833}},{"start":{"line":11,"column":835},"end":{"line":11,"column":880}},{"start":{"line":11,"column":883},"end":{"line":11,"column":1053}}]},"222":{"line":11,"type":"cond-expr","locations":[{"start":{"line":11,"column":930},"end":{"line":11,"column":1039}},{"start":{"line":11,"column":1041},"end":{"line":11,"column":1051}}]},"223":{"line":11,"type":"binary-expr","locations":[{"start":{"line":11,"column":1109},"end":{"line":11,"column":1134}},{"start":{"line":11,"column":1137},"end":{"line":11,"column":1276}}]},"224":{"line":11,"type":"binary-expr","locations":[{"start":{"line":11,"column":1257},"end":{"line":11,"column":1264}},{"start":{"line":11,"column":1266},"end":{"line":11,"column":1276}}]},"225":{"line":11,"type":"binary-expr","locations":[{"start":{"line":11,"column":1328},"end":{"line":11,"column":1348}},{"start":{"line":11,"column":1351},"end":{"line":11,"column":1480}}]},"226":{"line":11,"type":"binary-expr","locations":[{"start":{"line":11,"column":1463},"end":{"line":11,"column":1468}},{"start":{"line":11,"column":1470},"end":{"line":11,"column":1480}}]},"227":{"line":11,"type":"cond-expr","locations":[{"start":{"line":11,"column":1748},"end":{"line":11,"column":1942}},{"start":{"line":11,"column":1945},"end":{"line":11,"column":2481}}]},"228":{"line":11,"type":"binary-expr","locations":[{"start":{"line":11,"column":1715},"end":{"line":11,"column":1735}},{"start":{"line":11,"column":1737},"end":{"line":11,"column":1746}}]},"229":{"line":11,"type":"binary-expr","locations":[{"start":{"line":11,"column":1829},"end":{"line":11,"column":1857}},{"start":{"line":11,"column":1859},"end":{"line":11,"column":1900}}]},"230":{"line":11,"type":"binary-expr","locations":[{"start":{"line":11,"column":2083},"end":{"line":11,"column":2104}},{"start":{"line":11,"column":2106},"end":{"line":11,"column":2152}},{"start":{"line":11,"column":2155},"end":{"line":11,"column":2376}}]},"231":{"line":11,"type":"binary-expr","locations":[{"start":{"line":11,"column":2245},"end":{"line":11,"column":2254}},{"start":{"line":11,"column":2256},"end":{"line":11,"column":2268}}]},"232":{"line":11,"type":"binary-expr","locations":[{"start":{"line":11,"column":2311},"end":{"line":11,"column":2341}},{"start":{"line":11,"column":2343},"end":{"line":11,"column":2376}}]},"233":{"line":11,"type":"cond-expr","locations":[{"start":{"line":11,"column":2399},"end":{"line":11,"column":2409}},{"start":{"line":11,"column":2410},"end":{"line":11,"column":2481}}]},"234":{"line":11,"type":"binary-expr","locations":[{"start":{"line":11,"column":2410},"end":{"line":11,"column":2438}},{"start":{"line":11,"column":2440},"end":{"line":11,"column":2481}}]},"235":{"line":11,"type":"binary-expr","locations":[{"start":{"line":11,"column":2623},"end":{"line":11,"column":2648}},{"start":{"line":11,"column":2651},"end":{"line":11,"column":2940}}]},"236":{"line":11,"type":"binary-expr","locations":[{"start":{"line":11,"column":2848},"end":{"line":11,"column":2866}},{"start":{"line":11,"column":2868},"end":{"line":11,"column":2935}}]},"237":{"line":11,"type":"cond-expr","locations":[{"start":{"line":11,"column":3108},"end":{"line":11,"column":3267}},{"start":{"line":11,"column":3270},"end":{"line":11,"column":3570}}]},"238":{"line":11,"type":"binary-expr","locations":[{"start":{"line":11,"column":3053},"end":{"line":11,"column":3064}},{"start":{"line":11,"column":3066},"end":{"line":11,"column":3106}}]},"239":{"line":11,"type":"cond-expr","locations":[{"start":{"line":11,"column":3433},"end":{"line":11,"column":3488}},{"start":{"line":11,"column":3489},"end":{"line":11,"column":3540}}]},"240":{"line":11,"type":"binary-expr","locations":[{"start":{"line":11,"column":3489},"end":{"line":11,"column":3512}},{"start":{"line":11,"column":3514},"end":{"line":11,"column":3540}}]},"241":{"line":11,"type":"if","locations":[{"start":{"line":11,"column":3685},"end":{"line":11,"column":3685}},{"start":{"line":11,"column":3685},"end":{"line":11,"column":3685}}]},"242":{"line":11,"type":"binary-expr","locations":[{"start":{"line":11,"column":3689},"end":{"line":11,"column":3700}},{"start":{"line":11,"column":3702},"end":{"line":11,"column":3714}},{"start":{"line":11,"column":3718},"end":{"line":11,"column":4179}}]},"243":{"line":11,"type":"binary-expr","locations":[{"start":{"line":11,"column":3718},"end":{"line":11,"column":3726}},{"start":{"line":11,"column":3728},"end":{"line":11,"column":3737}}]},"244":{"line":11,"type":"binary-expr","locations":[{"start":{"line":11,"column":3757},"end":{"line":11,"column":3758}},{"start":{"line":11,"column":3760},"end":{"line":11,"column":3772}},{"start":{"line":11,"column":3775},"end":{"line":11,"column":4169}}]},"245":{"line":11,"type":"cond-expr","locations":[{"start":{"line":11,"column":3844},"end":{"line":11,"column":3857}},{"start":{"line":11,"column":3858},"end":{"line":11,"column":3862}}]},"246":{"line":11,"type":"cond-expr","locations":[{"start":{"line":11,"column":3920},"end":{"line":11,"column":3930}},{"start":{"line":11,"column":3931},"end":{"line":11,"column":3978}}]},"247":{"line":11,"type":"binary-expr","locations":[{"start":{"line":11,"column":3901},"end":{"line":11,"column":3912}},{"start":{"line":11,"column":3914},"end":{"line":11,"column":3919}}]},"248":{"line":11,"type":"binary-expr","locations":[{"start":{"line":11,"column":3931},"end":{"line":11,"column":3943}},{"start":{"line":11,"column":3945},"end":{"line":11,"column":3964}},{"start":{"line":11,"column":3967},"end":{"line":11,"column":3977}}]},"249":{"line":11,"type":"binary-expr","locations":[{"start":{"line":11,"column":3979},"end":{"line":11,"column":3980}},{"start":{"line":11,"column":3982},"end":{"line":11,"column":4016}},{"start":{"line":11,"column":4018},"end":{"line":11,"column":4039}}]},"250":{"line":11,"type":"binary-expr","locations":[{"start":{"line":11,"column":4074},"end":{"line":11,"column":4075}},{"start":{"line":11,"column":4077},"end":{"line":11,"column":4169}}]},"251":{"line":11,"type":"binary-expr","locations":[{"start":{"line":11,"column":4311},"end":{"line":11,"column":4338}},{"start":{"line":11,"column":4341},"end":{"line":11,"column":4478}}]},"252":{"line":11,"type":"binary-expr","locations":[{"start":{"line":11,"column":4353},"end":{"line":11,"column":4367}},{"start":{"line":11,"column":4369},"end":{"line":11,"column":4382}},{"start":{"line":11,"column":4386},"end":{"line":11,"column":4466}}]},"253":{"line":11,"type":"binary-expr","locations":[{"start":{"line":11,"column":4503},"end":{"line":11,"column":4505}},{"start":{"line":11,"column":4507},"end":{"line":11,"column":4508}},{"start":{"line":11,"column":4511},"end":{"line":11,"column":4552}}]},"254":{"line":11,"type":"binary-expr","locations":[{"start":{"line":11,"column":4692},"end":{"line":11,"column":4717}},{"start":{"line":11,"column":4719},"end":{"line":11,"column":4858}}]},"255":{"line":11,"type":"binary-expr","locations":[{"start":{"line":11,"column":4777},"end":{"line":11,"column":4802}},{"start":{"line":11,"column":4804},"end":{"line":11,"column":4810}}]},"256":{"line":11,"type":"binary-expr","locations":[{"start":{"line":11,"column":5017},"end":{"line":11,"column":5044}},{"start":{"line":11,"column":5046},"end":{"line":11,"column":5052}}]},"257":{"line":11,"type":"binary-expr","locations":[{"start":{"line":11,"column":5294},"end":{"line":11,"column":5352}},{"start":{"line":11,"column":5355},"end":{"line":11,"column":5407}}]},"258":{"line":11,"type":"binary-expr","locations":[{"start":{"line":11,"column":5411},"end":{"line":11,"column":5417}},{"start":{"line":11,"column":5419},"end":{"line":11,"column":5483}}]},"259":{"line":11,"type":"cond-expr","locations":[{"start":{"line":11,"column":5977},"end":{"line":11,"column":6002}},{"start":{"line":11,"column":6003},"end":{"line":11,"column":6007}}]},"260":{"line":11,"type":"binary-expr","locations":[{"start":{"line":11,"column":6028},"end":{"line":11,"column":6036}},{"start":{"line":11,"column":6039},"end":{"line":11,"column":6216}}]},"261":{"line":11,"type":"binary-expr","locations":[{"start":{"line":11,"column":6107},"end":{"line":11,"column":6108}},{"start":{"line":11,"column":6111},"end":{"line":11,"column":6165}}]},"262":{"line":11,"type":"binary-expr","locations":[{"start":{"line":11,"column":6167},"end":{"line":11,"column":6185}},{"start":{"line":11,"column":6188},"end":{"line":11,"column":6206}}]},"263":{"line":11,"type":"binary-expr","locations":[{"start":{"line":11,"column":6218},"end":{"line":11,"column":6226}},{"start":{"line":11,"column":6229},"end":{"line":11,"column":6492}}]},"264":{"line":11,"type":"binary-expr","locations":[{"start":{"line":11,"column":6229},"end":{"line":11,"column":6282}},{"start":{"line":11,"column":6285},"end":{"line":11,"column":6333}}]},"265":{"line":11,"type":"binary-expr","locations":[{"start":{"line":11,"column":6420},"end":{"line":11,"column":6421}},{"start":{"line":11,"column":6424},"end":{"line":11,"column":6463}}]},"266":{"line":11,"type":"binary-expr","locations":[{"start":{"line":11,"column":6465},"end":{"line":11,"column":6472}},{"start":{"line":11,"column":6475},"end":{"line":11,"column":6482}}]},"267":{"line":11,"type":"binary-expr","locations":[{"start":{"line":11,"column":6554},"end":{"line":11,"column":6579}},{"start":{"line":11,"column":6582},"end":{"line":11,"column":7297}}]},"268":{"line":11,"type":"cond-expr","locations":[{"start":{"line":11,"column":6609},"end":{"line":11,"column":6620}},{"start":{"line":11,"column":6621},"end":{"line":11,"column":6650}}]},"269":{"line":11,"type":"cond-expr","locations":[{"start":{"line":11,"column":7013},"end":{"line":11,"column":7124}},{"start":{"line":11,"column":7127},"end":{"line":11,"column":7245}}]},"270":{"line":11,"type":"binary-expr","locations":[{"start":{"line":11,"column":7027},"end":{"line":11,"column":7073}},{"start":{"line":11,"column":7075},"end":{"line":11,"column":7124}}]},"271":{"line":11,"type":"binary-expr","locations":[{"start":{"line":11,"column":7144},"end":{"line":11,"column":7192}},{"start":{"line":11,"column":7194},"end":{"line":11,"column":7245}}]},"272":{"line":11,"type":"binary-expr","locations":[{"start":{"line":11,"column":7347},"end":{"line":11,"column":7372}},{"start":{"line":11,"column":7375},"end":{"line":11,"column":7592}}]},"273":{"line":11,"type":"cond-expr","locations":[{"start":{"line":11,"column":7402},"end":{"line":11,"column":7413}},{"start":{"line":11,"column":7414},"end":{"line":11,"column":7443}}]},"274":{"line":11,"type":"binary-expr","locations":[{"start":{"line":11,"column":7493},"end":{"line":11,"column":7494}},{"start":{"line":11,"column":7496},"end":{"line":11,"column":7543}}]},"275":{"line":11,"type":"binary-expr","locations":[{"start":{"line":11,"column":7714},"end":{"line":11,"column":7740}},{"start":{"line":11,"column":7742},"end":{"line":11,"column":7782}}]}}}}