TN:
SF:node_modules\medium-editor-insert-plugin\dist\js\medium-editor-insert-plugin.js
FN:10,(anonymous_1)
FN:14,(anonymous_2)
FN:35,(anonymous_3)
FN:40,(anonymous_4)
FN:48,(anonymous_5)
FN:56,(anonymous_6)
FN:64,(anonymous_7)
FN:68,(anonymous_8)
FN:74,(anonymous_9)
FN:78,(anonymous_10)
FN:86,(anonymous_11)
FN:92,(anonymous_12)
FN:100,(anonymous_13)
FN:108,(anonymous_14)
FN:112,(anonymous_15)
FN:114,(anonymous_16)
FN:124,(anonymous_17)
FN:128,(anonymous_18)
FN:132,(anonymous_19)
FN:140,(anonymous_20)
FN:146,(anonymous_21)
FN:150,(anonymous_22)
FN:158,(anonymous_23)
FN:166,(anonymous_24)
FN:188,ucfirst
FN:203,Core
FN:252,(anonymous_27)
FN:270,(anonymous_28)
FN:274,(anonymous_29)
FN:281,(anonymous_30)
FN:294,(anonymous_31)
FN:304,(anonymous_32)
FN:307,(anonymous_33)
FN:314,(anonymous_34)
FN:332,(anonymous_35)
FN:333,(anonymous_36)
FN:348,(anonymous_37)
FN:351,(anonymous_38)
FN:364,(anonymous_39)
FN:382,(anonymous_40)
FN:394,(anonymous_41)
FN:404,(anonymous_42)
FN:416,(anonymous_43)
FN:428,(anonymous_44)
FN:442,(anonymous_45)
FN:449,(anonymous_46)
FN:468,(anonymous_47)
FN:484,(anonymous_48)
FN:488,(anonymous_49)
FN:511,(anonymous_50)
FN:527,(anonymous_51)
FN:539,(anonymous_52)
FN:569,(anonymous_53)
FN:591,(anonymous_54)
FN:608,(anonymous_55)
FN:627,(anonymous_56)
FN:642,(anonymous_57)
FN:680,(anonymous_58)
FN:696,(anonymous_59)
FN:708,(anonymous_60)
FN:725,(anonymous_61)
FN:752,(anonymous_62)
FN:769,(anonymous_63)
FN:776,(anonymous_64)
FN:790,(anonymous_65)
FN:802,(anonymous_66)
FN:803,(anonymous_67)
FN:825,(anonymous_68)
FN:859,(anonymous_69)
FN:881,Embeds
FN:907,(anonymous_71)
FN:911,(anonymous_72)
FN:927,(anonymous_73)
FN:955,(anonymous_74)
FN:962,(anonymous_75)
FN:978,(anonymous_76)
FN:981,(anonymous_77)
FN:999,(anonymous_78)
FN:1029,(anonymous_79)
FN:1073,(anonymous_80)
FN:1084,(anonymous_81)
FN:1119,(anonymous_82)
FN:1143,(anonymous_83)
FN:1156,(anonymous_84)
FN:1179,(anonymous_85)
FN:1180,(anonymous_86)
FN:1205,(anonymous_87)
FN:1244,(anonymous_88)
FN:1266,(anonymous_89)
FN:1286,(anonymous_90)
FN:1302,(anonymous_91)
FN:1330,(anonymous_92)
FN:1338,(anonymous_93)
FN:1355,(anonymous_94)
FN:1388,(anonymous_95)
FN:1418,(anonymous_96)
FN:1438,(anonymous_97)
FN:1454,(anonymous_98)
FN:1455,(anonymous_99)
FN:1461,(anonymous_100)
FN:1512,(anonymous_101)
FN:1523,(anonymous_102)
FN:1551,(anonymous_103)
FN:1564,(anonymous_104)
FN:1565,(anonymous_105)
FN:1576,(anonymous_106)
FN:1621,(anonymous_107)
FN:1629,(anonymous_108)
FN:1640,(anonymous_109)
FN:1663,Images
FN:1695,(anonymous_111)
FN:1712,(anonymous_112)
FN:1732,(anonymous_113)
FN:1748,(anonymous_114)
FN:1751,(anonymous_115)
FN:1769,(anonymous_116)
FN:1774,(anonymous_117)
FN:1777,(anonymous_118)
FN:1787,(anonymous_119)
FN:1791,(anonymous_120)
FN:1810,(anonymous_121)
FN:1850,(anonymous_122)
FN:1855,(anonymous_123)
FN:1876,(anonymous_124)
FN:1902,(anonymous_125)
FN:1926,(anonymous_126)
FN:1940,(anonymous_127)
FN:1953,(anonymous_128)
FN:1972,(anonymous_129)
FN:2001,(anonymous_130)
FN:2012,(anonymous_131)
FN:2027,(anonymous_132)
FN:2044,(anonymous_133)
FN:2073,(anonymous_134)
FN:2106,(anonymous_135)
FN:2149,(anonymous_136)
FN:2165,(anonymous_137)
FN:2181,(anonymous_138)
FN:2198,(anonymous_139)
FN:2199,(anonymous_140)
FN:2205,(anonymous_141)
FN:2260,(anonymous_142)
FN:2277,(anonymous_143)
FN:2307,(anonymous_144)
FN:2332,(anonymous_145)
FN:2338,(anonymous_146)
FN:2339,(anonymous_147)
FNF:147
FNH:1
FNDA:1,(anonymous_1)
FNDA:0,(anonymous_2)
FNDA:0,(anonymous_3)
FNDA:0,(anonymous_4)
FNDA:0,(anonymous_5)
FNDA:0,(anonymous_6)
FNDA:0,(anonymous_7)
FNDA:0,(anonymous_8)
FNDA:0,(anonymous_9)
FNDA:0,(anonymous_10)
FNDA:0,(anonymous_11)
FNDA:0,(anonymous_12)
FNDA:0,(anonymous_13)
FNDA:0,(anonymous_14)
FNDA:0,(anonymous_15)
FNDA:0,(anonymous_16)
FNDA:0,(anonymous_17)
FNDA:0,(anonymous_18)
FNDA:0,(anonymous_19)
FNDA:0,(anonymous_20)
FNDA:0,(anonymous_21)
FNDA:0,(anonymous_22)
FNDA:0,(anonymous_23)
FNDA:0,(anonymous_24)
FNDA:0,ucfirst
FNDA:0,Core
FNDA:0,(anonymous_27)
FNDA:0,(anonymous_28)
FNDA:0,(anonymous_29)
FNDA:0,(anonymous_30)
FNDA:0,(anonymous_31)
FNDA:0,(anonymous_32)
FNDA:0,(anonymous_33)
FNDA:0,(anonymous_34)
FNDA:0,(anonymous_35)
FNDA:0,(anonymous_36)
FNDA:0,(anonymous_37)
FNDA:0,(anonymous_38)
FNDA:0,(anonymous_39)
FNDA:0,(anonymous_40)
FNDA:0,(anonymous_41)
FNDA:0,(anonymous_42)
FNDA:0,(anonymous_43)
FNDA:0,(anonymous_44)
FNDA:0,(anonymous_45)
FNDA:0,(anonymous_46)
FNDA:0,(anonymous_47)
FNDA:0,(anonymous_48)
FNDA:0,(anonymous_49)
FNDA:0,(anonymous_50)
FNDA:0,(anonymous_51)
FNDA:0,(anonymous_52)
FNDA:0,(anonymous_53)
FNDA:0,(anonymous_54)
FNDA:0,(anonymous_55)
FNDA:0,(anonymous_56)
FNDA:0,(anonymous_57)
FNDA:0,(anonymous_58)
FNDA:0,(anonymous_59)
FNDA:0,(anonymous_60)
FNDA:0,(anonymous_61)
FNDA:0,(anonymous_62)
FNDA:0,(anonymous_63)
FNDA:0,(anonymous_64)
FNDA:0,(anonymous_65)
FNDA:0,(anonymous_66)
FNDA:0,(anonymous_67)
FNDA:0,(anonymous_68)
FNDA:0,(anonymous_69)
FNDA:0,Embeds
FNDA:0,(anonymous_71)
FNDA:0,(anonymous_72)
FNDA:0,(anonymous_73)
FNDA:0,(anonymous_74)
FNDA:0,(anonymous_75)
FNDA:0,(anonymous_76)
FNDA:0,(anonymous_77)
FNDA:0,(anonymous_78)
FNDA:0,(anonymous_79)
FNDA:0,(anonymous_80)
FNDA:0,(anonymous_81)
FNDA:0,(anonymous_82)
FNDA:0,(anonymous_83)
FNDA:0,(anonymous_84)
FNDA:0,(anonymous_85)
FNDA:0,(anonymous_86)
FNDA:0,(anonymous_87)
FNDA:0,(anonymous_88)
FNDA:0,(anonymous_89)
FNDA:0,(anonymous_90)
FNDA:0,(anonymous_91)
FNDA:0,(anonymous_92)
FNDA:0,(anonymous_93)
FNDA:0,(anonymous_94)
FNDA:0,(anonymous_95)
FNDA:0,(anonymous_96)
FNDA:0,(anonymous_97)
FNDA:0,(anonymous_98)
FNDA:0,(anonymous_99)
FNDA:0,(anonymous_100)
FNDA:0,(anonymous_101)
FNDA:0,(anonymous_102)
FNDA:0,(anonymous_103)
FNDA:0,(anonymous_104)
FNDA:0,(anonymous_105)
FNDA:0,(anonymous_106)
FNDA:0,(anonymous_107)
FNDA:0,(anonymous_108)
FNDA:0,(anonymous_109)
FNDA:0,Images
FNDA:0,(anonymous_111)
FNDA:0,(anonymous_112)
FNDA:0,(anonymous_113)
FNDA:0,(anonymous_114)
FNDA:0,(anonymous_115)
FNDA:0,(anonymous_116)
FNDA:0,(anonymous_117)
FNDA:0,(anonymous_118)
FNDA:0,(anonymous_119)
FNDA:0,(anonymous_120)
FNDA:0,(anonymous_121)
FNDA:0,(anonymous_122)
FNDA:0,(anonymous_123)
FNDA:0,(anonymous_124)
FNDA:0,(anonymous_125)
FNDA:0,(anonymous_126)
FNDA:0,(anonymous_127)
FNDA:0,(anonymous_128)
FNDA:0,(anonymous_129)
FNDA:0,(anonymous_130)
FNDA:0,(anonymous_131)
FNDA:0,(anonymous_132)
FNDA:0,(anonymous_133)
FNDA:0,(anonymous_134)
FNDA:0,(anonymous_135)
FNDA:0,(anonymous_136)
FNDA:0,(anonymous_137)
FNDA:0,(anonymous_138)
FNDA:0,(anonymous_139)
FNDA:0,(anonymous_140)
FNDA:0,(anonymous_141)
FNDA:0,(anonymous_142)
FNDA:0,(anonymous_143)
FNDA:0,(anonymous_144)
FNDA:0,(anonymous_145)
FNDA:0,(anonymous_146)
FNDA:0,(anonymous_147)
DA:10,1
DA:11,1
DA:12,0
DA:13,1
DA:14,0
DA:15,0
DA:16,0
DA:19,0
DA:20,0
DA:22,0
DA:24,0
DA:25,0
DA:26,0
DA:27,0
DA:29,0
DA:30,0
DA:33,1
DA:37,0
DA:38,0
DA:40,0
DA:41,0
DA:43,0
DA:49,0
DA:51,0
DA:56,0
DA:57,0
DA:59,0
DA:64,0
DA:65,0
DA:68,0
DA:69,0
DA:71,0
DA:75,0
DA:77,0
DA:79,0
DA:81,0
DA:87,0
DA:89,0
DA:93,0
DA:95,0
DA:100,0
DA:101,0
DA:103,0
DA:108,0
DA:109,0
DA:112,0
DA:113,0
DA:115,0
DA:117,0
DA:124,0
DA:125,0
DA:128,0
DA:129,0
DA:131,0
DA:133,0
DA:135,0
DA:141,0
DA:143,0
DA:147,0
DA:149,0
DA:151,0
DA:153,0
DA:159,0
DA:161,0
DA:166,0
DA:171,0
DA:188,1
DA:189,0
DA:203,1
DA:204,0
DA:206,0
DA:207,0
DA:208,0
DA:210,0
DA:214,0
DA:215,0
DA:217,0
DA:218,0
DA:220,0
DA:221,0
DA:224,0
DA:225,0
DA:226,0
DA:228,0
DA:229,0
DA:231,0
DA:232,0
DA:234,0
DA:236,0
DA:237,0
DA:238,0
DA:240,0
DA:241,0
DA:252,0
DA:253,0
DA:255,0
DA:256,0
DA:259,0
DA:260,0
DA:261,0
DA:270,0
DA:271,0
DA:273,0
DA:275,0
DA:282,0
DA:285,0
DA:294,0
DA:295,0
DA:304,0
DA:305,0
DA:307,0
DA:308,0
DA:310,0
DA:311,0
DA:314,0
DA:315,0
DA:317,0
DA:320,0
DA:323,0
DA:332,0
DA:333,0
DA:334,0
DA:335,0
DA:339,0
DA:348,0
DA:349,0
DA:351,0
DA:352,0
DA:353,0
DA:364,0
DA:365,0
DA:368,0
DA:369,0
DA:370,0
DA:372,0
DA:382,0
DA:383,0
DA:384,0
DA:394,0
DA:395,0
DA:404,0
DA:405,0
DA:407,0
DA:416,0
DA:417,0
DA:419,0
DA:428,0
DA:429,0
DA:431,0
DA:432,0
DA:442,0
DA:443,0
DA:445,0
DA:446,0
DA:449,0
DA:450,0
DA:452,0
DA:453,0
DA:454,0
DA:457,0
DA:458,0
DA:468,0
DA:469,0
DA:472,0
DA:473,0
DA:476,0
DA:477,0
DA:482,0
DA:485,0
DA:488,0
DA:489,0
DA:493,0
DA:496,0
DA:498,0
DA:499,0
DA:500,0
DA:501,0
DA:511,0
DA:512,0
DA:513,0
DA:516,0
DA:527,0
DA:528,0
DA:529,0
DA:539,0
DA:540,0
DA:545,0
DA:546,0
DA:549,0
DA:550,0
DA:552,0
DA:553,0
DA:557,0
DA:558,0
DA:561,0
DA:563,0
DA:565,0
DA:567,0
DA:569,0
DA:570,0
DA:571,0
DA:574,0
DA:575,0
DA:576,0
DA:577,0
DA:581,0
DA:582,0
DA:584,0
DA:585,0
DA:587,0
DA:591,0
DA:592,0
DA:593,0
DA:596,0
DA:608,0
DA:609,0
DA:611,0
DA:612,0
DA:614,0
DA:615,0
DA:616,0
DA:627,0
DA:628,0
DA:630,0
DA:631,0
DA:632,0
DA:642,0
DA:643,0
DA:650,0
DA:651,0
DA:652,0
DA:654,0
DA:655,0
DA:656,0
DA:658,0
DA:659,0
DA:662,0
DA:663,0
DA:666,0
DA:667,0
DA:670,0
DA:680,0
DA:681,0
DA:682,0
DA:683,0
DA:686,0
DA:687,0
DA:696,0
DA:697,0
DA:698,0
DA:708,0
DA:709,0
DA:713,0
DA:725,0
DA:726,0
DA:728,0
DA:729,0
DA:730,0
DA:731,0
DA:733,0
DA:734,0
DA:735,0
DA:738,0
DA:739,0
DA:740,0
DA:741,0
DA:752,0
DA:753,0
DA:755,0
DA:756,0
DA:769,0
DA:770,0
DA:772,0
DA:773,0
DA:776,0
DA:777,0
DA:778,0
DA:790,0
DA:791,0
DA:793,0
DA:794,0
DA:802,0
DA:803,0
DA:804,0
DA:807,0
DA:808,0
DA:809,0
DA:812,0
DA:814,0
DA:815,0
DA:816,0
DA:818,0
DA:825,0
DA:830,0
DA:860,0
DA:862,0
DA:863,0
DA:881,1
DA:882,0
DA:883,0
DA:884,0
DA:885,0
DA:887,0
DA:889,0
DA:890,0
DA:893,0
DA:894,0
DA:895,0
DA:898,0
DA:907,0
DA:908,0
DA:910,0
DA:911,0
DA:912,0
DA:913,0
DA:917,0
DA:918,0
DA:927,0
DA:928,0
DA:934,0
DA:940,0
DA:941,0
DA:945,0
DA:955,0
DA:956,0
DA:958,0
DA:962,0
DA:963,0
DA:964,0
DA:967,0
DA:978,0
DA:979,0
DA:981,0
DA:982,0
DA:984,0
DA:985,0
DA:987,0
DA:990,0
DA:999,0
DA:1000,0
DA:1004,0
DA:1008,0
DA:1009,0
DA:1010,0
DA:1011,0
DA:1014,0
DA:1016,0
DA:1018,0
DA:1019,0
DA:1029,0
DA:1030,0
DA:1034,0
DA:1035,0
DA:1038,0
DA:1039,0
DA:1041,0
DA:1042,0
DA:1043,0
DA:1044,0
DA:1047,0
DA:1049,0
DA:1051,0
DA:1052,0
DA:1055,0
DA:1056,0
DA:1062,0
DA:1073,0
DA:1074,0
DA:1084,0
DA:1085,0
DA:1088,0
DA:1089,0
DA:1092,0
DA:1095,0
DA:1096,0
DA:1097,0
DA:1100,0
DA:1101,0
DA:1102,0
DA:1104,0
DA:1105,0
DA:1107,0
DA:1119,0
DA:1120,0
DA:1121,0
DA:1122,0
DA:1125,0
DA:1126,0
DA:1127,0
DA:1128,0
DA:1129,0
DA:1131,0
DA:1143,0
DA:1144,0
DA:1146,0
DA:1148,0
DA:1157,0
DA:1159,0
DA:1160,0
DA:1163,0
DA:1164,0
DA:1167,0
DA:1169,0
DA:1170,0
DA:1173,0
DA:1174,0
DA:1176,0
DA:1180,0
DA:1181,0
DA:1182,0
DA:1186,0
DA:1187,0
DA:1189,0
DA:1192,0
DA:1205,0
DA:1206,0
DA:1208,0
DA:1209,0
DA:1210,0
DA:1213,0
DA:1220,0
DA:1221,0
DA:1224,0
DA:1225,0
DA:1226,0
DA:1229,0
DA:1230,0
DA:1232,0
DA:1244,0
DA:1245,0
DA:1248,0
DA:1249,0
DA:1250,0
DA:1252,0
DA:1255,0
DA:1258,0
DA:1261,0
DA:1264,0
DA:1267,0
DA:1270,0
DA:1273,0
DA:1275,0
DA:1278,0
DA:1282,0
DA:1284,0
DA:1285,0
DA:1286,0
DA:1287,0
DA:1302,0
DA:1303,0
DA:1306,0
DA:1309,0
DA:1310,0
DA:1311,0
DA:1312,0
DA:1315,0
DA:1316,0
DA:1318,0
DA:1320,0
DA:1330,0
DA:1331,0
DA:1333,0
DA:1334,0
DA:1336,0
DA:1338,0
DA:1339,0
DA:1341,0
DA:1342,0
DA:1355,0
DA:1356,0
DA:1359,0
DA:1360,0
DA:1361,0
DA:1362,0
DA:1364,0
DA:1365,0
DA:1366,0
DA:1368,0
DA:1371,0
DA:1372,0
DA:1374,0
DA:1375,0
DA:1376,0
DA:1377,0
DA:1388,0
DA:1389,0
DA:1391,0
DA:1392,0
DA:1394,0
DA:1395,0
DA:1397,0
DA:1399,0
DA:1400,0
DA:1401,0
DA:1404,0
DA:1406,0
DA:1407,0
DA:1418,0
DA:1419,0
DA:1423,0
DA:1424,0
DA:1427,0
DA:1428,0
DA:1430,0
DA:1435,0
DA:1436,0
DA:1438,0
DA:1439,0
DA:1440,0
DA:1441,0
DA:1445,0
DA:1446,0
DA:1449,0
DA:1450,0
DA:1451,0
DA:1454,0
DA:1455,0
DA:1456,0
DA:1457,0
DA:1461,0
DA:1462,0
DA:1471,0
DA:1472,0
DA:1473,0
DA:1475,0
DA:1476,0
DA:1477,0
DA:1478,0
DA:1481,0
DA:1482,0
DA:1485,0
DA:1488,0
DA:1489,0
DA:1490,0
DA:1492,0
DA:1493,0
DA:1494,0
DA:1497,0
DA:1498,0
DA:1501,0
DA:1512,0
DA:1513,0
DA:1520,0
DA:1521,0
DA:1523,0
DA:1524,0
DA:1526,0
DA:1527,0
DA:1529,0
DA:1530,0
DA:1533,0
DA:1535,0
DA:1536,0
DA:1541,0
DA:1551,0
DA:1552,0
DA:1555,0
DA:1556,0
DA:1559,0
DA:1564,0
DA:1565,0
DA:1566,0
DA:1567,0
DA:1576,0
DA:1581,0
DA:1622,0
DA:1624,0
DA:1625,0
DA:1630,0
DA:1632,0
DA:1641,0
DA:1663,1
DA:1664,0
DA:1665,0
DA:1666,0
DA:1667,0
DA:1668,0
DA:1670,0
DA:1672,0
DA:1673,0
DA:1676,0
DA:1677,0
DA:1681,0
DA:1682,0
DA:1683,0
DA:1686,0
DA:1695,0
DA:1696,0
DA:1698,0
DA:1699,0
DA:1701,0
DA:1702,0
DA:1703,0
DA:1712,0
DA:1713,0
DA:1719,0
DA:1722,0
DA:1732,0
DA:1733,0
DA:1737,0
DA:1748,0
DA:1749,0
DA:1751,0
DA:1752,0
DA:1754,0
DA:1755,0
DA:1757,0
DA:1760,0
DA:1769,0
DA:1770,0
DA:1775,0
DA:1778,0
DA:1786,0
DA:1787,0
DA:1788,0
DA:1791,0
DA:1792,0
DA:1796,0
DA:1798,0
DA:1810,0
DA:1811,0
DA:1819,0
DA:1820,0
DA:1821,0
DA:1822,0
DA:1824,0
DA:1825,0
DA:1826,0
DA:1829,0
DA:1832,0
DA:1833,0
DA:1834,0
DA:1835,0
DA:1836,0
DA:1838,0
DA:1839,0
DA:1843,0
DA:1845,0
DA:1846,0
DA:1849,0
DA:1850,0
DA:1852,0
DA:1853,0
DA:1855,0
DA:1856,0
DA:1859,0
DA:1861,0
DA:1876,0
DA:1877,0
DA:1879,0
DA:1880,0
DA:1881,0
DA:1883,0
DA:1887,0
DA:1888,0
DA:1902,0
DA:1903,0
DA:1905,0
DA:1906,0
DA:1907,0
DA:1909,0
DA:1911,0
DA:1912,0
DA:1926,0
DA:1927,0
DA:1929,0
DA:1930,0
DA:1940,0
DA:1941,0
DA:1946,0
DA:1950,0
DA:1951,0
DA:1952,0
DA:1953,0
DA:1954,0
DA:1956,0
DA:1957,0
DA:1960,0
DA:1962,0
DA:1964,0
DA:1969,0
DA:1971,0
DA:1972,0
DA:1973,0
DA:1975,0
DA:1977,0
DA:1978,0
DA:1982,0
DA:1984,0
DA:1985,0
DA:1989,0
DA:1990,0
DA:1991,0
DA:1992,0
DA:1996,0
DA:1998,0
DA:2001,0
DA:2002,0
DA:2012,0
DA:2013,0
DA:2016,0
DA:2017,0
DA:2019,0
DA:2022,0
DA:2024,0
DA:2025,0
DA:2027,0
DA:2028,0
DA:2030,0
DA:2031,0
DA:2044,0
DA:2045,0
DA:2048,0
DA:2049,0
DA:2050,0
DA:2051,0
DA:2052,0
DA:2055,0
DA:2056,0
DA:2058,0
DA:2059,0
DA:2060,0
DA:2061,0
DA:2063,0
DA:2073,0
DA:2074,0
DA:2078,0
DA:2079,0
DA:2080,0
DA:2084,0
DA:2085,0
DA:2086,0
DA:2087,0
DA:2088,0
DA:2089,0
DA:2092,0
DA:2093,0
DA:2095,0
DA:2096,0
DA:2099,0
DA:2100,0
DA:2104,0
DA:2105,0
DA:2106,0
DA:2107,0
DA:2112,0
DA:2113,0
DA:2114,0
DA:2116,0
DA:2117,0
DA:2119,0
DA:2120,0
DA:2121,0
DA:2122,0
DA:2123,0
DA:2125,0
DA:2130,0
DA:2131,0
DA:2132,0
DA:2133,0
DA:2136,0
DA:2137,0
DA:2149,0
DA:2150,0
DA:2151,0
DA:2165,0
DA:2166,0
DA:2173,0
DA:2178,0
DA:2179,0
DA:2181,0
DA:2182,0
DA:2183,0
DA:2184,0
DA:2188,0
DA:2189,0
DA:2192,0
DA:2194,0
DA:2195,0
DA:2198,0
DA:2199,0
DA:2200,0
DA:2201,0
DA:2205,0
DA:2206,0
DA:2215,0
DA:2216,0
DA:2217,0
DA:2219,0
DA:2220,0
DA:2221,0
DA:2222,0
DA:2225,0
DA:2226,0
DA:2229,0
DA:2232,0
DA:2233,0
DA:2234,0
DA:2237,0
DA:2238,0
DA:2240,0
DA:2241,0
DA:2242,0
DA:2245,0
DA:2246,0
DA:2249,0
DA:2260,0
DA:2261,0
DA:2264,0
DA:2265,0
DA:2268,0
DA:2269,0
DA:2270,0
DA:2271,0
DA:2272,0
DA:2274,0
DA:2275,0
DA:2277,0
DA:2278,0
DA:2280,0
DA:2281,0
DA:2283,0
DA:2284,0
DA:2287,0
DA:2289,0
DA:2290,0
DA:2295,0
DA:2297,0
DA:2307,0
DA:2308,0
DA:2310,0
DA:2311,0
DA:2314,0
DA:2315,0
DA:2317,0
DA:2318,0
DA:2321,0
DA:2323,0
DA:2332,0
DA:2333,0
DA:2338,0
DA:2339,0
DA:2340,0
DA:2341,0
LF:844
LH:8
BRDA:11,1,0,0
BRDA:11,1,1,1
BRDA:11,2,0,1
BRDA:11,2,1,0
BRDA:13,3,0,0
BRDA:13,3,1,1
BRDA:13,4,0,1
BRDA:13,4,1,0
BRDA:15,5,0,0
BRDA:15,5,1,0
BRDA:19,6,0,0
BRDA:19,6,1,0
BRDA:37,7,0,0
BRDA:37,7,1,0
BRDA:38,8,0,0
BRDA:38,8,1,0
BRDA:41,9,0,0
BRDA:41,9,1,0
BRDA:44,10,0,0
BRDA:44,10,1,0
BRDA:44,11,0,0
BRDA:44,11,1,0
BRDA:44,11,2,0
BRDA:44,12,0,0
BRDA:44,12,1,0
BRDA:46,13,0,0
BRDA:46,13,1,0
BRDA:46,14,0,0
BRDA:46,14,1,0
BRDA:46,15,0,0
BRDA:46,15,1,0
BRDA:46,16,0,0
BRDA:46,16,1,0
BRDA:46,17,0,0
BRDA:46,17,1,0
BRDA:52,18,0,0
BRDA:52,18,1,0
BRDA:52,19,0,0
BRDA:52,19,1,0
BRDA:52,20,0,0
BRDA:52,20,1,0
BRDA:60,21,0,0
BRDA:60,21,1,0
BRDA:60,22,0,0
BRDA:60,22,1,0
BRDA:60,23,0,0
BRDA:60,23,1,0
BRDA:60,24,0,0
BRDA:60,24,1,0
BRDA:60,25,0,0
BRDA:60,25,1,0
BRDA:72,26,0,0
BRDA:72,26,1,0
BRDA:72,27,0,0
BRDA:72,27,1,0
BRDA:72,28,0,0
BRDA:72,28,1,0
BRDA:77,29,0,0
BRDA:77,29,1,0
BRDA:77,30,0,0
BRDA:77,30,1,0
BRDA:77,31,0,0
BRDA:77,31,1,0
BRDA:79,32,0,0
BRDA:79,32,1,0
BRDA:82,33,0,0
BRDA:82,33,1,0
BRDA:82,34,0,0
BRDA:82,34,1,0
BRDA:82,34,2,0
BRDA:82,35,0,0
BRDA:82,35,1,0
BRDA:84,36,0,0
BRDA:84,36,1,0
BRDA:84,37,0,0
BRDA:84,37,1,0
BRDA:84,38,0,0
BRDA:84,38,1,0
BRDA:84,39,0,0
BRDA:84,39,1,0
BRDA:84,40,0,0
BRDA:84,40,1,0
BRDA:90,41,0,0
BRDA:90,41,1,0
BRDA:90,42,0,0
BRDA:90,42,1,0
BRDA:90,43,0,0
BRDA:90,43,1,0
BRDA:93,44,0,0
BRDA:93,44,1,0
BRDA:95,45,0,0
BRDA:95,45,1,0
BRDA:95,46,0,0
BRDA:95,46,1,0
BRDA:97,47,0,0
BRDA:97,47,1,0
BRDA:97,48,0,0
BRDA:97,48,1,0
BRDA:104,49,0,0
BRDA:104,49,1,0
BRDA:104,50,0,0
BRDA:104,50,1,0
BRDA:104,51,0,0
BRDA:104,51,1,0
BRDA:104,52,0,0
BRDA:104,52,1,0
BRDA:104,53,0,0
BRDA:104,53,1,0
BRDA:104,54,0,0
BRDA:104,54,1,0
BRDA:115,55,0,0
BRDA:115,55,1,0
BRDA:118,56,0,0
BRDA:118,56,1,0
BRDA:118,57,0,0
BRDA:118,57,1,0
BRDA:118,58,0,0
BRDA:118,58,1,0
BRDA:118,59,0,0
BRDA:118,59,1,0
BRDA:120,60,0,0
BRDA:120,60,1,0
BRDA:120,61,0,0
BRDA:120,61,1,0
BRDA:131,62,0,0
BRDA:131,62,1,0
BRDA:131,63,0,0
BRDA:131,63,1,0
BRDA:131,64,0,0
BRDA:131,64,1,0
BRDA:133,65,0,0
BRDA:133,65,1,0
BRDA:136,66,0,0
BRDA:136,66,1,0
BRDA:136,67,0,0
BRDA:136,67,1,0
BRDA:136,67,2,0
BRDA:136,68,0,0
BRDA:136,68,1,0
BRDA:138,69,0,0
BRDA:138,69,1,0
BRDA:138,70,0,0
BRDA:138,70,1,0
BRDA:138,71,0,0
BRDA:138,71,1,0
BRDA:138,72,0,0
BRDA:138,72,1,0
BRDA:138,73,0,0
BRDA:138,73,1,0
BRDA:144,74,0,0
BRDA:144,74,1,0
BRDA:144,75,0,0
BRDA:144,75,1,0
BRDA:144,76,0,0
BRDA:144,76,1,0
BRDA:149,77,0,0
BRDA:149,77,1,0
BRDA:149,78,0,0
BRDA:149,78,1,0
BRDA:149,79,0,0
BRDA:149,79,1,0
BRDA:151,80,0,0
BRDA:151,80,1,0
BRDA:154,81,0,0
BRDA:154,81,1,0
BRDA:154,82,0,0
BRDA:154,82,1,0
BRDA:154,82,2,0
BRDA:154,83,0,0
BRDA:154,83,1,0
BRDA:156,84,0,0
BRDA:156,84,1,0
BRDA:156,85,0,0
BRDA:156,85,1,0
BRDA:156,86,0,0
BRDA:156,86,1,0
BRDA:156,87,0,0
BRDA:156,87,1,0
BRDA:156,88,0,0
BRDA:156,88,1,0
BRDA:159,89,0,0
BRDA:159,89,1,0
BRDA:162,90,0,0
BRDA:162,90,1,0
BRDA:162,91,0,0
BRDA:162,91,1,0
BRDA:164,92,0,0
BRDA:164,92,1,0
BRDA:164,93,0,0
BRDA:164,93,1,0
BRDA:210,94,0,0
BRDA:210,94,1,0
BRDA:224,95,0,0
BRDA:224,95,1,0
BRDA:224,96,0,0
BRDA:224,96,1,0
BRDA:225,97,0,0
BRDA:225,97,1,0
BRDA:228,98,0,0
BRDA:228,98,1,0
BRDA:231,99,0,0
BRDA:231,99,1,0
BRDA:240,100,0,0
BRDA:240,100,1,0
BRDA:255,101,0,0
BRDA:255,101,1,0
BRDA:255,102,0,0
BRDA:255,102,1,0
BRDA:334,103,0,0
BRDA:334,103,1,0
BRDA:352,104,0,0
BRDA:352,104,1,0
BRDA:368,105,0,0
BRDA:368,105,1,0
BRDA:368,106,0,0
BRDA:368,106,1,0
BRDA:368,106,2,0
BRDA:383,107,0,0
BRDA:383,107,1,0
BRDA:431,108,0,0
BRDA:431,108,1,0
BRDA:431,109,0,0
BRDA:431,109,1,0
BRDA:445,110,0,0
BRDA:445,110,1,0
BRDA:445,111,0,0
BRDA:445,111,1,0
BRDA:452,112,0,0
BRDA:452,112,1,0
BRDA:472,113,0,0
BRDA:472,113,1,0
BRDA:476,114,0,0
BRDA:476,114,1,0
BRDA:485,115,0,0
BRDA:485,115,1,0
BRDA:485,115,2,0
BRDA:500,116,0,0
BRDA:500,116,1,0
BRDA:500,117,0,0
BRDA:500,117,1,0
BRDA:512,118,0,0
BRDA:512,118,1,0
BRDA:528,119,0,0
BRDA:528,119,1,0
BRDA:545,120,0,0
BRDA:545,120,1,0
BRDA:549,121,0,0
BRDA:549,121,1,0
BRDA:549,122,0,0
BRDA:549,122,1,0
BRDA:557,123,0,0
BRDA:557,123,1,0
BRDA:561,124,0,0
BRDA:561,124,1,0
BRDA:565,125,0,0
BRDA:565,125,1,0
BRDA:565,126,0,0
BRDA:565,126,1,0
BRDA:565,126,2,0
BRDA:570,127,0,0
BRDA:570,127,1,0
BRDA:574,128,0,0
BRDA:574,128,1,0
BRDA:581,129,0,0
BRDA:581,129,1,0
BRDA:581,130,0,0
BRDA:581,130,1,0
BRDA:581,130,2,0
BRDA:581,130,3,0
BRDA:584,131,0,0
BRDA:584,131,1,0
BRDA:594,132,0,0
BRDA:594,132,1,0
BRDA:614,133,0,0
BRDA:614,133,1,0
BRDA:628,134,0,0
BRDA:628,134,1,0
BRDA:645,135,0,0
BRDA:645,135,1,0
BRDA:646,136,0,0
BRDA:646,136,1,0
BRDA:650,137,0,0
BRDA:650,137,1,0
BRDA:654,138,0,0
BRDA:654,138,1,0
BRDA:656,139,0,0
BRDA:656,139,1,0
BRDA:662,140,0,0
BRDA:662,140,1,0
BRDA:666,141,0,0
BRDA:666,141,1,0
BRDA:666,142,0,0
BRDA:666,142,1,0
BRDA:681,143,0,0
BRDA:681,143,1,0
BRDA:728,144,0,0
BRDA:728,144,1,0
BRDA:733,145,0,0
BRDA:733,145,1,0
BRDA:755,146,0,0
BRDA:755,146,1,0
BRDA:772,147,0,0
BRDA:772,147,1,0
BRDA:777,148,0,0
BRDA:777,148,1,0
BRDA:777,149,0,0
BRDA:777,149,1,0
BRDA:791,150,0,0
BRDA:791,150,1,0
BRDA:793,151,0,0
BRDA:793,151,1,0
BRDA:807,152,0,0
BRDA:807,152,1,0
BRDA:812,153,0,0
BRDA:812,153,1,0
BRDA:816,154,0,0
BRDA:816,154,1,0
BRDA:816,155,0,0
BRDA:816,155,1,0
BRDA:893,156,0,0
BRDA:893,156,1,0
BRDA:912,157,0,0
BRDA:912,157,1,0
BRDA:940,158,0,0
BRDA:940,158,1,0
BRDA:963,159,0,0
BRDA:963,159,1,0
BRDA:1008,160,0,0
BRDA:1008,160,1,0
BRDA:1034,161,0,0
BRDA:1034,161,1,0
BRDA:1034,162,0,0
BRDA:1034,162,1,0
BRDA:1041,163,0,0
BRDA:1041,163,1,0
BRDA:1043,164,0,0
BRDA:1043,164,1,0
BRDA:1047,165,0,0
BRDA:1047,165,1,0
BRDA:1051,166,0,0
BRDA:1051,166,1,0
BRDA:1051,167,0,0
BRDA:1051,167,1,0
BRDA:1055,168,0,0
BRDA:1055,168,1,0
BRDA:1055,169,0,0
BRDA:1055,169,1,0
BRDA:1088,170,0,0
BRDA:1088,170,1,0
BRDA:1095,171,0,0
BRDA:1095,171,1,0
BRDA:1095,172,0,0
BRDA:1095,172,1,0
BRDA:1100,173,0,0
BRDA:1100,173,1,0
BRDA:1104,174,0,0
BRDA:1104,174,1,0
BRDA:1121,175,0,0
BRDA:1121,175,1,0
BRDA:1127,176,0,0
BRDA:1127,176,1,0
BRDA:1128,177,0,0
BRDA:1128,177,1,0
BRDA:1157,178,0,0
BRDA:1157,178,1,0
BRDA:1159,179,0,0
BRDA:1159,179,1,0
BRDA:1163,180,0,0
BRDA:1163,180,1,0
BRDA:1163,181,0,0
BRDA:1163,181,1,0
BRDA:1163,181,2,0
BRDA:1163,181,3,0
BRDA:1167,182,0,0
BRDA:1167,182,1,0
BRDA:1173,183,0,0
BRDA:1173,183,1,0
BRDA:1186,184,0,0
BRDA:1186,184,1,0
BRDA:1187,185,0,0
BRDA:1187,185,1,0
BRDA:1187,185,2,0
BRDA:1187,185,3,0
BRDA:1208,186,0,0
BRDA:1208,186,1,0
BRDA:1220,187,0,0
BRDA:1220,187,1,0
BRDA:1224,188,0,0
BRDA:1224,188,1,0
BRDA:1229,189,0,0
BRDA:1229,189,1,0
BRDA:1248,190,0,0
BRDA:1248,190,1,0
BRDA:1252,191,0,0
BRDA:1252,191,1,0
BRDA:1261,192,0,0
BRDA:1261,192,1,0
BRDA:1267,193,0,0
BRDA:1267,193,1,0
BRDA:1284,194,0,0
BRDA:1284,194,1,0
BRDA:1285,195,0,0
BRDA:1285,195,1,0
BRDA:1333,196,0,0
BRDA:1333,196,1,0
BRDA:1334,197,0,0
BRDA:1334,197,1,0
BRDA:1341,198,0,0
BRDA:1341,198,1,0
BRDA:1356,199,0,0
BRDA:1356,199,1,0
BRDA:1359,200,0,0
BRDA:1359,200,1,0
BRDA:1364,201,0,0
BRDA:1364,201,1,0
BRDA:1364,202,0,0
BRDA:1364,202,1,0
BRDA:1374,203,0,0
BRDA:1374,203,1,0
BRDA:1376,204,0,0
BRDA:1376,204,1,0
BRDA:1391,205,0,0
BRDA:1391,205,1,0
BRDA:1391,206,0,0
BRDA:1391,206,1,0
BRDA:1394,207,0,0
BRDA:1394,207,1,0
BRDA:1423,208,0,0
BRDA:1423,208,1,0
BRDA:1428,209,0,0
BRDA:1428,209,1,0
BRDA:1439,210,0,0
BRDA:1439,210,1,0
BRDA:1445,211,0,0
BRDA:1445,211,1,0
BRDA:1467,212,0,0
BRDA:1467,212,1,0
BRDA:1471,213,0,0
BRDA:1471,213,1,0
BRDA:1475,214,0,0
BRDA:1475,214,1,0
BRDA:1481,215,0,0
BRDA:1481,215,1,0
BRDA:1488,216,0,0
BRDA:1488,216,1,0
BRDA:1492,217,0,0
BRDA:1492,217,1,0
BRDA:1497,218,0,0
BRDA:1497,218,1,0
BRDA:1513,219,0,0
BRDA:1513,219,1,0
BRDA:1526,220,0,0
BRDA:1526,220,1,0
BRDA:1529,221,0,0
BRDA:1529,221,1,0
BRDA:1535,222,0,0
BRDA:1535,222,1,0
BRDA:1552,223,0,0
BRDA:1552,223,1,0
BRDA:1555,224,0,0
BRDA:1555,224,1,0
BRDA:1566,225,0,0
BRDA:1566,225,1,0
BRDA:1676,226,0,0
BRDA:1676,226,1,0
BRDA:1676,227,0,0
BRDA:1676,227,1,0
BRDA:1681,228,0,0
BRDA:1681,228,1,0
BRDA:1786,229,0,0
BRDA:1786,229,1,0
BRDA:1819,230,0,0
BRDA:1819,230,1,0
BRDA:1819,231,0,0
BRDA:1819,231,1,0
BRDA:1821,232,0,0
BRDA:1821,232,1,0
BRDA:1821,233,0,0
BRDA:1821,233,1,0
BRDA:1824,234,0,0
BRDA:1824,234,1,0
BRDA:1832,235,0,0
BRDA:1832,235,1,0
BRDA:1835,236,0,0
BRDA:1835,236,1,0
BRDA:1845,237,0,0
BRDA:1845,237,1,0
BRDA:1845,238,0,0
BRDA:1845,238,1,0
BRDA:1845,238,2,0
BRDA:1849,239,0,0
BRDA:1849,239,1,0
BRDA:1849,240,0,0
BRDA:1849,240,1,0
BRDA:1849,240,2,0
BRDA:1852,241,0,0
BRDA:1852,241,1,0
BRDA:1879,242,0,0
BRDA:1879,242,1,0
BRDA:1887,243,0,0
BRDA:1887,243,1,0
BRDA:1905,244,0,0
BRDA:1905,244,1,0
BRDA:1911,245,0,0
BRDA:1911,245,1,0
BRDA:1951,246,0,0
BRDA:1951,246,1,0
BRDA:1951,247,0,0
BRDA:1951,247,1,0
BRDA:1956,248,0,0
BRDA:1956,248,1,0
BRDA:1971,249,0,0
BRDA:1971,249,1,0
BRDA:1971,250,0,0
BRDA:1971,250,1,0
BRDA:1977,251,0,0
BRDA:1977,251,1,0
BRDA:1984,252,0,0
BRDA:1984,252,1,0
BRDA:1989,253,0,0
BRDA:1989,253,1,0
BRDA:1991,254,0,0
BRDA:1991,254,1,0
BRDA:2016,255,0,0
BRDA:2016,255,1,0
BRDA:2030,256,0,0
BRDA:2030,256,1,0
BRDA:2048,257,0,0
BRDA:2048,257,1,0
BRDA:2048,258,0,0
BRDA:2048,258,1,0
BRDA:2058,259,0,0
BRDA:2058,259,1,0
BRDA:2060,260,0,0
BRDA:2060,260,1,0
BRDA:2078,261,0,0
BRDA:2078,261,1,0
BRDA:2078,262,0,0
BRDA:2078,262,1,0
BRDA:2079,263,0,0
BRDA:2079,263,1,0
BRDA:2085,264,0,0
BRDA:2085,264,1,0
BRDA:2085,265,0,0
BRDA:2085,265,1,0
BRDA:2088,266,0,0
BRDA:2088,266,1,0
BRDA:2092,267,0,0
BRDA:2092,267,1,0
BRDA:2092,268,0,0
BRDA:2092,268,1,0
BRDA:2095,269,0,0
BRDA:2095,269,1,0
BRDA:2095,270,0,0
BRDA:2095,270,1,0
BRDA:2099,271,0,0
BRDA:2099,271,1,0
BRDA:2099,272,0,0
BRDA:2099,272,1,0
BRDA:2105,273,0,0
BRDA:2105,273,1,0
BRDA:2112,274,0,0
BRDA:2112,274,1,0
BRDA:2119,275,0,0
BRDA:2119,275,1,0
BRDA:2121,276,0,0
BRDA:2121,276,1,0
BRDA:2121,277,0,0
BRDA:2121,277,1,0
BRDA:2131,278,0,0
BRDA:2131,278,1,0
BRDA:2131,279,0,0
BRDA:2131,279,1,0
BRDA:2150,280,0,0
BRDA:2150,280,1,0
BRDA:2153,281,0,0
BRDA:2153,281,1,0
BRDA:2170,282,0,0
BRDA:2170,282,1,0
BRDA:2182,283,0,0
BRDA:2182,283,1,0
BRDA:2188,284,0,0
BRDA:2188,284,1,0
BRDA:2211,285,0,0
BRDA:2211,285,1,0
BRDA:2215,286,0,0
BRDA:2215,286,1,0
BRDA:2219,287,0,0
BRDA:2219,287,1,0
BRDA:2225,288,0,0
BRDA:2225,288,1,0
BRDA:2232,289,0,0
BRDA:2232,289,1,0
BRDA:2233,290,0,0
BRDA:2233,290,1,0
BRDA:2240,291,0,0
BRDA:2240,291,1,0
BRDA:2245,292,0,0
BRDA:2245,292,1,0
BRDA:2264,293,0,0
BRDA:2264,293,1,0
BRDA:2268,294,0,0
BRDA:2268,294,1,0
BRDA:2280,295,0,0
BRDA:2280,295,1,0
BRDA:2283,296,0,0
BRDA:2283,296,1,0
BRDA:2289,297,0,0
BRDA:2289,297,1,0
BRDA:2310,298,0,0
BRDA:2310,298,1,0
BRDA:2314,299,0,0
BRDA:2314,299,1,0
BRDA:2317,300,0,0
BRDA:2317,300,1,0
BRDA:2340,301,0,0
BRDA:2340,301,1,0
BRF:617
BRH:4
end_of_record
TN:
SF:node_modules\medium-editor-insert-plugin\dist\js\medium-editor-insert-plugin.min.js
FN:10,(anonymous_1)
FN:10,(anonymous_2)
FN:10,(anonymous_3)
FN:10,(anonymous_4)
FN:10,(anonymous_5)
FN:10,(anonymous_6)
FN:10,(anonymous_7)
FN:10,(anonymous_8)
FN:10,(anonymous_9)
FN:10,(anonymous_10)
FN:10,(anonymous_11)
FN:10,(anonymous_12)
FN:10,(anonymous_13)
FN:10,(anonymous_14)
FN:10,(anonymous_15)
FN:10,(anonymous_16)
FN:10,(anonymous_17)
FN:10,(anonymous_18)
FN:10,(anonymous_19)
FN:10,(anonymous_20)
FN:10,(anonymous_21)
FN:10,(anonymous_22)
FN:10,(anonymous_23)
FN:10,(anonymous_24)
FN:10,e
FN:10,f
FN:10,(anonymous_27)
FN:10,(anonymous_28)
FN:10,(anonymous_29)
FN:10,(anonymous_30)
FN:10,(anonymous_31)
FN:10,(anonymous_32)
FN:10,(anonymous_33)
FN:10,(anonymous_34)
FN:10,(anonymous_35)
FN:10,(anonymous_36)
FN:10,(anonymous_37)
FN:10,(anonymous_38)
FN:10,(anonymous_39)
FN:10,(anonymous_40)
FN:10,(anonymous_41)
FN:10,(anonymous_42)
FN:10,(anonymous_43)
FN:10,(anonymous_44)
FN:10,(anonymous_45)
FN:10,(anonymous_46)
FN:10,(anonymous_47)
FN:10,(anonymous_48)
FN:10,(anonymous_49)
FN:10,(anonymous_50)
FN:10,(anonymous_51)
FN:10,(anonymous_52)
FN:10,(anonymous_53)
FN:10,(anonymous_54)
FN:10,(anonymous_55)
FN:10,(anonymous_56)
FN:10,(anonymous_57)
FN:10,(anonymous_58)
FN:10,(anonymous_59)
FN:10,(anonymous_60)
FN:10,(anonymous_61)
FN:10,(anonymous_62)
FN:10,(anonymous_63)
FN:10,(anonymous_64)
FN:10,(anonymous_65)
FN:10,(anonymous_66)
FN:10,(anonymous_67)
FN:10,(anonymous_68)
FN:10,e
FN:10,(anonymous_70)
FN:10,(anonymous_71)
FN:10,(anonymous_72)
FN:10,(anonymous_73)
FN:10,(anonymous_74)
FN:10,(anonymous_75)
FN:10,(anonymous_76)
FN:10,(anonymous_77)
FN:10,(anonymous_78)
FN:10,(anonymous_79)
FN:10,(anonymous_80)
FN:10,(anonymous_81)
FN:10,(anonymous_82)
FN:10,(anonymous_83)
FN:10,(anonymous_84)
FN:10,(anonymous_85)
FN:10,(anonymous_86)
FN:10,(anonymous_87)
FN:10,(anonymous_88)
FN:10,(anonymous_89)
FN:10,(anonymous_90)
FN:10,(anonymous_91)
FN:10,(anonymous_92)
FN:10,(anonymous_93)
FN:10,(anonymous_94)
FN:10,(anonymous_95)
FN:10,(anonymous_96)
FN:10,(anonymous_97)
FN:10,(anonymous_98)
FN:10,(anonymous_99)
FN:10,(anonymous_100)
FN:10,(anonymous_101)
FN:10,(anonymous_102)
FN:10,(anonymous_103)
FN:10,(anonymous_104)
FN:10,(anonymous_105)
FN:10,(anonymous_106)
FN:10,g
FN:10,(anonymous_108)
FN:10,(anonymous_109)
FN:10,(anonymous_110)
FN:10,(anonymous_111)
FN:10,(anonymous_112)
FN:10,(anonymous_113)
FN:10,(anonymous_114)
FN:10,(anonymous_115)
FN:10,(anonymous_116)
FN:10,(anonymous_117)
FN:10,(anonymous_118)
FN:10,(anonymous_119)
FN:10,(anonymous_120)
FN:10,(anonymous_121)
FN:11,(anonymous_122)
FN:11,(anonymous_123)
FN:11,(anonymous_124)
FN:11,(anonymous_125)
FN:11,(anonymous_126)
FN:11,(anonymous_127)
FN:11,(anonymous_128)
FN:11,(anonymous_129)
FN:11,(anonymous_130)
FN:11,(anonymous_131)
FN:11,(anonymous_132)
FN:11,(anonymous_133)
FN:11,(anonymous_134)
FN:11,(anonymous_135)
FN:11,(anonymous_136)
FN:11,(anonymous_137)
FN:11,(anonymous_138)
FN:11,(anonymous_139)
FN:11,(anonymous_140)
FN:11,(anonymous_141)
FN:11,(anonymous_142)
FN:11,(anonymous_143)
FN:11,(anonymous_144)
FN:11,(anonymous_145)
FN:11,(anonymous_146)
FN:11,(anonymous_147)
FNF:147
FNH:1
FNDA:1,(anonymous_1)
FNDA:0,(anonymous_2)
FNDA:0,(anonymous_3)
FNDA:0,(anonymous_4)
FNDA:0,(anonymous_5)
FNDA:0,(anonymous_6)
FNDA:0,(anonymous_7)
FNDA:0,(anonymous_8)
FNDA:0,(anonymous_9)
FNDA:0,(anonymous_10)
FNDA:0,(anonymous_11)
FNDA:0,(anonymous_12)
FNDA:0,(anonymous_13)
FNDA:0,(anonymous_14)
FNDA:0,(anonymous_15)
FNDA:0,(anonymous_16)
FNDA:0,(anonymous_17)
FNDA:0,(anonymous_18)
FNDA:0,(anonymous_19)
FNDA:0,(anonymous_20)
FNDA:0,(anonymous_21)
FNDA:0,(anonymous_22)
FNDA:0,(anonymous_23)
FNDA:0,(anonymous_24)
FNDA:0,e
FNDA:0,f
FNDA:0,(anonymous_27)
FNDA:0,(anonymous_28)
FNDA:0,(anonymous_29)
FNDA:0,(anonymous_30)
FNDA:0,(anonymous_31)
FNDA:0,(anonymous_32)
FNDA:0,(anonymous_33)
FNDA:0,(anonymous_34)
FNDA:0,(anonymous_35)
FNDA:0,(anonymous_36)
FNDA:0,(anonymous_37)
FNDA:0,(anonymous_38)
FNDA:0,(anonymous_39)
FNDA:0,(anonymous_40)
FNDA:0,(anonymous_41)
FNDA:0,(anonymous_42)
FNDA:0,(anonymous_43)
FNDA:0,(anonymous_44)
FNDA:0,(anonymous_45)
FNDA:0,(anonymous_46)
FNDA:0,(anonymous_47)
FNDA:0,(anonymous_48)
FNDA:0,(anonymous_49)
FNDA:0,(anonymous_50)
FNDA:0,(anonymous_51)
FNDA:0,(anonymous_52)
FNDA:0,(anonymous_53)
FNDA:0,(anonymous_54)
FNDA:0,(anonymous_55)
FNDA:0,(anonymous_56)
FNDA:0,(anonymous_57)
FNDA:0,(anonymous_58)
FNDA:0,(anonymous_59)
FNDA:0,(anonymous_60)
FNDA:0,(anonymous_61)
FNDA:0,(anonymous_62)
FNDA:0,(anonymous_63)
FNDA:0,(anonymous_64)
FNDA:0,(anonymous_65)
FNDA:0,(anonymous_66)
FNDA:0,(anonymous_67)
FNDA:0,(anonymous_68)
FNDA:0,e
FNDA:0,(anonymous_70)
FNDA:0,(anonymous_71)
FNDA:0,(anonymous_72)
FNDA:0,(anonymous_73)
FNDA:0,(anonymous_74)
FNDA:0,(anonymous_75)
FNDA:0,(anonymous_76)
FNDA:0,(anonymous_77)
FNDA:0,(anonymous_78)
FNDA:0,(anonymous_79)
FNDA:0,(anonymous_80)
FNDA:0,(anonymous_81)
FNDA:0,(anonymous_82)
FNDA:0,(anonymous_83)
FNDA:0,(anonymous_84)
FNDA:0,(anonymous_85)
FNDA:0,(anonymous_86)
FNDA:0,(anonymous_87)
FNDA:0,(anonymous_88)
FNDA:0,(anonymous_89)
FNDA:0,(anonymous_90)
FNDA:0,(anonymous_91)
FNDA:0,(anonymous_92)
FNDA:0,(anonymous_93)
FNDA:0,(anonymous_94)
FNDA:0,(anonymous_95)
FNDA:0,(anonymous_96)
FNDA:0,(anonymous_97)
FNDA:0,(anonymous_98)
FNDA:0,(anonymous_99)
FNDA:0,(anonymous_100)
FNDA:0,(anonymous_101)
FNDA:0,(anonymous_102)
FNDA:0,(anonymous_103)
FNDA:0,(anonymous_104)
FNDA:0,(anonymous_105)
FNDA:0,(anonymous_106)
FNDA:0,g
FNDA:0,(anonymous_108)
FNDA:0,(anonymous_109)
FNDA:0,(anonymous_110)
FNDA:0,(anonymous_111)
FNDA:0,(anonymous_112)
FNDA:0,(anonymous_113)
FNDA:0,(anonymous_114)
FNDA:0,(anonymous_115)
FNDA:0,(anonymous_116)
FNDA:0,(anonymous_117)
FNDA:0,(anonymous_118)
FNDA:0,(anonymous_119)
FNDA:0,(anonymous_120)
FNDA:0,(anonymous_121)
FNDA:0,(anonymous_122)
FNDA:0,(anonymous_123)
FNDA:0,(anonymous_124)
FNDA:0,(anonymous_125)
FNDA:0,(anonymous_126)
FNDA:0,(anonymous_127)
FNDA:0,(anonymous_128)
FNDA:0,(anonymous_129)
FNDA:0,(anonymous_130)
FNDA:0,(anonymous_131)
FNDA:0,(anonymous_132)
FNDA:0,(anonymous_133)
FNDA:0,(anonymous_134)
FNDA:0,(anonymous_135)
FNDA:0,(anonymous_136)
FNDA:0,(anonymous_137)
FNDA:0,(anonymous_138)
FNDA:0,(anonymous_139)
FNDA:0,(anonymous_140)
FNDA:0,(anonymous_141)
FNDA:0,(anonymous_142)
FNDA:0,(anonymous_143)
FNDA:0,(anonymous_144)
FNDA:0,(anonymous_145)
FNDA:0,(anonymous_146)
FNDA:0,(anonymous_147)
DA:10,1
DA:11,0
LF:2
LH:1
BRDA:10,1,0,0
BRDA:10,1,1,1
BRDA:10,2,0,1
BRDA:10,2,1,0
BRDA:10,3,0,0
BRDA:10,3,1,1
BRDA:10,4,0,1
BRDA:10,4,1,0
BRDA:10,5,0,0
BRDA:10,5,1,0
BRDA:10,6,0,0
BRDA:10,6,1,0
BRDA:10,7,0,0
BRDA:10,7,1,0
BRDA:10,8,0,0
BRDA:10,8,1,0
BRDA:10,9,0,0
BRDA:10,9,1,0
BRDA:10,10,0,0
BRDA:10,10,1,0
BRDA:10,11,0,0
BRDA:10,11,1,0
BRDA:10,11,2,0
BRDA:10,12,0,0
BRDA:10,12,1,0
BRDA:10,13,0,0
BRDA:10,13,1,0
BRDA:10,14,0,0
BRDA:10,14,1,0
BRDA:10,15,0,0
BRDA:10,15,1,0
BRDA:10,16,0,0
BRDA:10,16,1,0
BRDA:10,17,0,0
BRDA:10,17,1,0
BRDA:10,18,0,0
BRDA:10,18,1,0
BRDA:10,19,0,0
BRDA:10,19,1,0
BRDA:10,20,0,0
BRDA:10,20,1,0
BRDA:10,21,0,0
BRDA:10,21,1,0
BRDA:10,22,0,0
BRDA:10,22,1,0
BRDA:10,23,0,0
BRDA:10,23,1,0
BRDA:10,24,0,0
BRDA:10,24,1,0
BRDA:10,25,0,0
BRDA:10,25,1,0
BRDA:10,26,0,0
BRDA:10,26,1,0
BRDA:10,27,0,0
BRDA:10,27,1,0
BRDA:10,28,0,0
BRDA:10,28,1,0
BRDA:10,29,0,0
BRDA:10,29,1,0
BRDA:10,30,0,0
BRDA:10,30,1,0
BRDA:10,31,0,0
BRDA:10,31,1,0
BRDA:10,32,0,0
BRDA:10,32,1,0
BRDA:10,33,0,0
BRDA:10,33,1,0
BRDA:10,34,0,0
BRDA:10,34,1,0
BRDA:10,34,2,0
BRDA:10,35,0,0
BRDA:10,35,1,0
BRDA:10,36,0,0
BRDA:10,36,1,0
BRDA:10,37,0,0
BRDA:10,37,1,0
BRDA:10,38,0,0
BRDA:10,38,1,0
BRDA:10,39,0,0
BRDA:10,39,1,0
BRDA:10,40,0,0
BRDA:10,40,1,0
BRDA:10,41,0,0
BRDA:10,41,1,0
BRDA:10,42,0,0
BRDA:10,42,1,0
BRDA:10,43,0,0
BRDA:10,43,1,0
BRDA:10,44,0,0
BRDA:10,44,1,0
BRDA:10,45,0,0
BRDA:10,45,1,0
BRDA:10,46,0,0
BRDA:10,46,1,0
BRDA:10,47,0,0
BRDA:10,47,1,0
BRDA:10,48,0,0
BRDA:10,48,1,0
BRDA:10,49,0,0
BRDA:10,49,1,0
BRDA:10,50,0,0
BRDA:10,50,1,0
BRDA:10,51,0,0
BRDA:10,51,1,0
BRDA:10,52,0,0
BRDA:10,52,1,0
BRDA:10,53,0,0
BRDA:10,53,1,0
BRDA:10,54,0,0
BRDA:10,54,1,0
BRDA:10,55,0,0
BRDA:10,55,1,0
BRDA:10,56,0,0
BRDA:10,56,1,0
BRDA:10,57,0,0
BRDA:10,57,1,0
BRDA:10,58,0,0
BRDA:10,58,1,0
BRDA:10,59,0,0
BRDA:10,59,1,0
BRDA:10,60,0,0
BRDA:10,60,1,0
BRDA:10,61,0,0
BRDA:10,61,1,0
BRDA:10,62,0,0
BRDA:10,62,1,0
BRDA:10,63,0,0
BRDA:10,63,1,0
BRDA:10,64,0,0
BRDA:10,64,1,0
BRDA:10,65,0,0
BRDA:10,65,1,0
BRDA:10,66,0,0
BRDA:10,66,1,0
BRDA:10,67,0,0
BRDA:10,67,1,0
BRDA:10,67,2,0
BRDA:10,68,0,0
BRDA:10,68,1,0
BRDA:10,69,0,0
BRDA:10,69,1,0
BRDA:10,70,0,0
BRDA:10,70,1,0
BRDA:10,71,0,0
BRDA:10,71,1,0
BRDA:10,72,0,0
BRDA:10,72,1,0
BRDA:10,73,0,0
BRDA:10,73,1,0
BRDA:10,74,0,0
BRDA:10,74,1,0
BRDA:10,75,0,0
BRDA:10,75,1,0
BRDA:10,76,0,0
BRDA:10,76,1,0
BRDA:10,77,0,0
BRDA:10,77,1,0
BRDA:10,78,0,0
BRDA:10,78,1,0
BRDA:10,79,0,0
BRDA:10,79,1,0
BRDA:10,80,0,0
BRDA:10,80,1,0
BRDA:10,81,0,0
BRDA:10,81,1,0
BRDA:10,82,0,0
BRDA:10,82,1,0
BRDA:10,82,2,0
BRDA:10,83,0,0
BRDA:10,83,1,0
BRDA:10,84,0,0
BRDA:10,84,1,0
BRDA:10,85,0,0
BRDA:10,85,1,0
BRDA:10,86,0,0
BRDA:10,86,1,0
BRDA:10,87,0,0
BRDA:10,87,1,0
BRDA:10,88,0,0
BRDA:10,88,1,0
BRDA:10,89,0,0
BRDA:10,89,1,0
BRDA:10,90,0,0
BRDA:10,90,1,0
BRDA:10,91,0,0
BRDA:10,91,1,0
BRDA:10,92,0,0
BRDA:10,92,1,0
BRDA:10,93,0,0
BRDA:10,93,1,0
BRDA:10,94,0,0
BRDA:10,94,1,0
BRDA:10,95,0,0
BRDA:10,95,1,0
BRDA:10,95,2,0
BRDA:10,96,0,0
BRDA:10,96,1,0
BRDA:10,97,0,0
BRDA:10,97,1,0
BRDA:10,98,0,0
BRDA:10,98,1,0
BRDA:10,99,0,0
BRDA:10,99,1,0
BRDA:10,100,0,0
BRDA:10,100,1,0
BRDA:10,100,2,0
BRDA:10,101,0,0
BRDA:10,101,1,0
BRDA:10,102,0,0
BRDA:10,102,1,0
BRDA:10,103,0,0
BRDA:10,103,1,0
BRDA:10,104,0,0
BRDA:10,104,1,0
BRDA:10,104,2,0
BRDA:10,105,0,0
BRDA:10,105,1,0
BRDA:10,106,0,0
BRDA:10,106,1,0
BRDA:10,106,2,0
BRDA:10,107,0,0
BRDA:10,107,1,0
BRDA:10,107,2,0
BRDA:10,108,0,0
BRDA:10,108,1,0
BRDA:10,109,0,0
BRDA:10,109,1,0
BRDA:10,110,0,0
BRDA:10,110,1,0
BRDA:10,111,0,0
BRDA:10,111,1,0
BRDA:10,111,2,0
BRDA:10,112,0,0
BRDA:10,112,1,0
BRDA:10,112,2,0
BRDA:10,113,0,0
BRDA:10,113,1,0
BRDA:10,114,0,0
BRDA:10,114,1,0
BRDA:10,115,0,0
BRDA:10,115,1,0
BRDA:10,116,0,0
BRDA:10,116,1,0
BRDA:10,117,0,0
BRDA:10,117,1,0
BRDA:10,118,0,0
BRDA:10,118,1,0
BRDA:10,119,0,0
BRDA:10,119,1,0
BRDA:10,120,0,0
BRDA:10,120,1,0
BRDA:10,120,2,0
BRDA:10,120,3,0
BRDA:10,121,0,0
BRDA:10,121,1,0
BRDA:10,122,0,0
BRDA:10,122,1,0
BRDA:10,123,0,0
BRDA:10,123,1,0
BRDA:10,124,0,0
BRDA:10,124,1,0
BRDA:10,124,2,0
BRDA:10,124,3,0
BRDA:10,125,0,0
BRDA:10,125,1,0
BRDA:10,126,0,0
BRDA:10,126,1,0
BRDA:10,127,0,0
BRDA:10,127,1,0
BRDA:10,128,0,0
BRDA:10,128,1,0
BRDA:10,129,0,0
BRDA:10,129,1,0
BRDA:10,130,0,0
BRDA:10,130,1,0
BRDA:10,131,0,0
BRDA:10,131,1,0
BRDA:10,132,0,0
BRDA:10,132,1,0
BRDA:10,133,0,0
BRDA:10,133,1,0
BRDA:10,134,0,0
BRDA:10,134,1,0
BRDA:10,135,0,0
BRDA:10,135,1,0
BRDA:10,135,2,0
BRDA:10,136,0,0
BRDA:10,136,1,0
BRDA:10,137,0,0
BRDA:10,137,1,0
BRDA:10,138,0,0
BRDA:10,138,1,0
BRDA:10,139,0,0
BRDA:10,139,1,0
BRDA:10,140,0,0
BRDA:10,140,1,0
BRDA:10,141,0,0
BRDA:10,141,1,0
BRDA:10,141,2,0
BRDA:10,142,0,0
BRDA:10,142,1,0
BRDA:10,143,0,0
BRDA:10,143,1,0
BRDA:10,144,0,0
BRDA:10,144,1,0
BRDA:10,145,0,0
BRDA:10,145,1,0
BRDA:10,146,0,0
BRDA:10,146,1,0
BRDA:10,146,2,0
BRDA:10,147,0,0
BRDA:10,147,1,0
BRDA:10,148,0,0
BRDA:10,148,1,0
BRDA:10,149,0,0
BRDA:10,149,1,0
BRDA:10,150,0,0
BRDA:10,150,1,0
BRDA:10,151,0,0
BRDA:10,151,1,0
BRDA:10,152,0,0
BRDA:10,152,1,0
BRDA:10,152,2,0
BRDA:10,153,0,0
BRDA:10,153,1,0
BRDA:10,154,0,0
BRDA:10,154,1,0
BRDA:10,155,0,0
BRDA:10,155,1,0
BRDA:10,156,0,0
BRDA:10,156,1,0
BRDA:10,157,0,0
BRDA:10,157,1,0
BRDA:10,158,0,0
BRDA:10,158,1,0
BRDA:10,158,2,0
BRDA:10,159,0,0
BRDA:10,159,1,0
BRDA:10,160,0,0
BRDA:10,160,1,0
BRDA:10,161,0,0
BRDA:10,161,1,0
BRDA:10,162,0,0
BRDA:10,162,1,0
BRDA:10,163,0,0
BRDA:10,163,1,0
BRDA:10,164,0,0
BRDA:10,164,1,0
BRDA:10,165,0,0
BRDA:10,165,1,0
BRDA:10,166,0,0
BRDA:10,166,1,0
BRDA:10,167,0,0
BRDA:10,167,1,0
BRDA:10,168,0,0
BRDA:10,168,1,0
BRDA:10,169,0,0
BRDA:10,169,1,0
BRDA:10,169,2,0
BRDA:10,169,3,0
BRDA:10,169,4,0
BRDA:10,170,0,0
BRDA:10,170,1,0
BRDA:10,171,0,0
BRDA:10,171,1,0
BRDA:10,172,0,0
BRDA:10,172,1,0
BRDA:10,173,0,0
BRDA:10,173,1,0
BRDA:10,173,2,0
BRDA:10,173,3,0
BRDA:10,174,0,0
BRDA:10,174,1,0
BRDA:10,175,0,0
BRDA:10,175,1,0
BRDA:10,176,0,0
BRDA:10,176,1,0
BRDA:10,177,0,0
BRDA:10,177,1,0
BRDA:10,178,0,0
BRDA:10,178,1,0
BRDA:10,179,0,0
BRDA:10,179,1,0
BRDA:10,180,0,0
BRDA:10,180,1,0
BRDA:10,181,0,0
BRDA:10,181,1,0
BRDA:10,182,0,0
BRDA:10,182,1,0
BRDA:10,182,2,0
BRDA:10,183,0,0
BRDA:10,183,1,0
BRDA:10,184,0,0
BRDA:10,184,1,0
BRDA:10,185,0,0
BRDA:10,185,1,0
BRDA:10,186,0,0
BRDA:10,186,1,0
BRDA:10,187,0,0
BRDA:10,187,1,0
BRDA:10,188,0,0
BRDA:10,188,1,0
BRDA:10,188,2,0
BRDA:10,189,0,0
BRDA:10,189,1,0
BRDA:10,190,0,0
BRDA:10,190,1,0
BRDA:10,191,0,0
BRDA:10,191,1,0
BRDA:10,191,2,0
BRDA:10,192,0,0
BRDA:10,192,1,0
BRDA:10,193,0,0
BRDA:10,193,1,0
BRDA:10,194,0,0
BRDA:10,194,1,0
BRDA:10,195,0,0
BRDA:10,195,1,0
BRDA:10,196,0,0
BRDA:10,196,1,0
BRDA:10,197,0,0
BRDA:10,197,1,0
BRDA:10,198,0,0
BRDA:10,198,1,0
BRDA:10,199,0,0
BRDA:10,199,1,0
BRDA:10,200,0,0
BRDA:10,200,1,0
BRDA:10,201,0,0
BRDA:10,201,1,0
BRDA:10,202,0,0
BRDA:10,202,1,0
BRDA:10,203,0,0
BRDA:10,203,1,0
BRDA:10,204,0,0
BRDA:10,204,1,0
BRDA:10,205,0,0
BRDA:10,205,1,0
BRDA:10,206,0,0
BRDA:10,206,1,0
BRDA:10,207,0,0
BRDA:10,207,1,0
BRDA:10,208,0,0
BRDA:10,208,1,0
BRDA:10,209,0,0
BRDA:10,209,1,0
BRDA:10,210,0,0
BRDA:10,210,1,0
BRDA:10,211,0,0
BRDA:10,211,1,0
BRDA:10,211,2,0
BRDA:10,212,0,0
BRDA:10,212,1,0
BRDA:10,213,0,0
BRDA:10,213,1,0
BRDA:11,214,0,0
BRDA:11,214,1,0
BRDA:11,215,0,0
BRDA:11,215,1,0
BRDA:11,216,0,0
BRDA:11,216,1,0
BRDA:11,216,2,0
BRDA:11,217,0,0
BRDA:11,217,1,0
BRDA:11,218,0,0
BRDA:11,218,1,0
BRDA:11,219,0,0
BRDA:11,219,1,0
BRDA:11,220,0,0
BRDA:11,220,1,0
BRDA:11,220,2,0
BRDA:11,220,3,0
BRDA:11,221,0,0
BRDA:11,221,1,0
BRDA:11,221,2,0
BRDA:11,221,3,0
BRDA:11,222,0,0
BRDA:11,222,1,0
BRDA:11,223,0,0
BRDA:11,223,1,0
BRDA:11,224,0,0
BRDA:11,224,1,0
BRDA:11,225,0,0
BRDA:11,225,1,0
BRDA:11,226,0,0
BRDA:11,226,1,0
BRDA:11,227,0,0
BRDA:11,227,1,0
BRDA:11,228,0,0
BRDA:11,228,1,0
BRDA:11,229,0,0
BRDA:11,229,1,0
BRDA:11,230,0,0
BRDA:11,230,1,0
BRDA:11,230,2,0
BRDA:11,231,0,0
BRDA:11,231,1,0
BRDA:11,232,0,0
BRDA:11,232,1,0
BRDA:11,233,0,0
BRDA:11,233,1,0
BRDA:11,234,0,0
BRDA:11,234,1,0
BRDA:11,235,0,0
BRDA:11,235,1,0
BRDA:11,236,0,0
BRDA:11,236,1,0
BRDA:11,237,0,0
BRDA:11,237,1,0
BRDA:11,238,0,0
BRDA:11,238,1,0
BRDA:11,239,0,0
BRDA:11,239,1,0
BRDA:11,240,0,0
BRDA:11,240,1,0
BRDA:11,241,0,0
BRDA:11,241,1,0
BRDA:11,242,0,0
BRDA:11,242,1,0
BRDA:11,242,2,0
BRDA:11,243,0,0
BRDA:11,243,1,0
BRDA:11,244,0,0
BRDA:11,244,1,0
BRDA:11,244,2,0
BRDA:11,245,0,0
BRDA:11,245,1,0
BRDA:11,246,0,0
BRDA:11,246,1,0
BRDA:11,247,0,0
BRDA:11,247,1,0
BRDA:11,248,0,0
BRDA:11,248,1,0
BRDA:11,248,2,0
BRDA:11,249,0,0
BRDA:11,249,1,0
BRDA:11,249,2,0
BRDA:11,250,0,0
BRDA:11,250,1,0
BRDA:11,251,0,0
BRDA:11,251,1,0
BRDA:11,252,0,0
BRDA:11,252,1,0
BRDA:11,252,2,0
BRDA:11,253,0,0
BRDA:11,253,1,0
BRDA:11,253,2,0
BRDA:11,254,0,0
BRDA:11,254,1,0
BRDA:11,255,0,0
BRDA:11,255,1,0
BRDA:11,256,0,0
BRDA:11,256,1,0
BRDA:11,257,0,0
BRDA:11,257,1,0
BRDA:11,258,0,0
BRDA:11,258,1,0
BRDA:11,259,0,0
BRDA:11,259,1,0
BRDA:11,260,0,0
BRDA:11,260,1,0
BRDA:11,261,0,0
BRDA:11,261,1,0
BRDA:11,262,0,0
BRDA:11,262,1,0
BRDA:11,263,0,0
BRDA:11,263,1,0
BRDA:11,264,0,0
BRDA:11,264,1,0
BRDA:11,265,0,0
BRDA:11,265,1,0
BRDA:11,266,0,0
BRDA:11,266,1,0
BRDA:11,267,0,0
BRDA:11,267,1,0
BRDA:11,268,0,0
BRDA:11,268,1,0
BRDA:11,269,0,0
BRDA:11,269,1,0
BRDA:11,270,0,0
BRDA:11,270,1,0
BRDA:11,271,0,0
BRDA:11,271,1,0
BRDA:11,272,0,0
BRDA:11,272,1,0
BRDA:11,273,0,0
BRDA:11,273,1,0
BRDA:11,274,0,0
BRDA:11,274,1,0
BRDA:11,275,0,0
BRDA:11,275,1,0
BRF:591
BRH:4
end_of_record
